[2025-05-01T12:58:50.056+0000] {processor.py:186} INFO - Started process (PID=26) to work on /opt/airflow/dags/to_snowflake.py
[2025-05-01T12:58:50.059+0000] {processor.py:914} INFO - Processing file /opt/airflow/dags/to_snowflake.py for tasks to queue
[2025-05-01T12:58:50.066+0000] {logging_mixin.py:190} INFO - [2025-05-01T12:58:50.065+0000] {dagbag.py:588} INFO - Filling up the DagBag from /opt/airflow/dags/to_snowflake.py
[2025-05-01T12:58:50.150+0000] {processor.py:925} INFO - DAG(s) 'multi_files_to_snowflake' retrieved from /opt/airflow/dags/to_snowflake.py
[2025-05-01T12:58:51.185+0000] {logging_mixin.py:190} INFO - [2025-05-01T12:58:51.182+0000] {dag.py:3239} INFO - Sync 1 DAGs
[2025-05-01T12:58:51.259+0000] {logging_mixin.py:190} INFO - [2025-05-01T12:58:51.259+0000] {dag.py:4180} INFO - Setting next_dagrun for multi_files_to_snowflake to None, run_after=None
[2025-05-01T12:58:51.411+0000] {processor.py:208} INFO - Processing /opt/airflow/dags/to_snowflake.py took 1.373 seconds
[2025-05-01T12:59:22.028+0000] {processor.py:186} INFO - Started process (PID=34) to work on /opt/airflow/dags/to_snowflake.py
[2025-05-01T12:59:22.030+0000] {processor.py:914} INFO - Processing file /opt/airflow/dags/to_snowflake.py for tasks to queue
[2025-05-01T12:59:22.034+0000] {logging_mixin.py:190} INFO - [2025-05-01T12:59:22.033+0000] {dagbag.py:588} INFO - Filling up the DagBag from /opt/airflow/dags/to_snowflake.py
[2025-05-01T12:59:22.063+0000] {processor.py:925} INFO - DAG(s) 'multi_files_to_snowflake' retrieved from /opt/airflow/dags/to_snowflake.py
[2025-05-01T12:59:22.108+0000] {logging_mixin.py:190} INFO - [2025-05-01T12:59:22.107+0000] {dag.py:3239} INFO - Sync 1 DAGs
[2025-05-01T12:59:22.134+0000] {logging_mixin.py:190} INFO - [2025-05-01T12:59:22.133+0000] {dag.py:4180} INFO - Setting next_dagrun for multi_files_to_snowflake to None, run_after=None
[2025-05-01T12:59:22.167+0000] {processor.py:208} INFO - Processing /opt/airflow/dags/to_snowflake.py took 0.158 seconds
[2025-05-01T12:59:52.343+0000] {processor.py:186} INFO - Started process (PID=40) to work on /opt/airflow/dags/to_snowflake.py
[2025-05-01T12:59:52.345+0000] {processor.py:914} INFO - Processing file /opt/airflow/dags/to_snowflake.py for tasks to queue
[2025-05-01T12:59:52.349+0000] {logging_mixin.py:190} INFO - [2025-05-01T12:59:52.348+0000] {dagbag.py:588} INFO - Filling up the DagBag from /opt/airflow/dags/to_snowflake.py
[2025-05-01T12:59:52.371+0000] {processor.py:925} INFO - DAG(s) 'multi_files_to_snowflake' retrieved from /opt/airflow/dags/to_snowflake.py
[2025-05-01T12:59:52.409+0000] {logging_mixin.py:190} INFO - [2025-05-01T12:59:52.408+0000] {dag.py:3239} INFO - Sync 1 DAGs
[2025-05-01T12:59:52.438+0000] {logging_mixin.py:190} INFO - [2025-05-01T12:59:52.437+0000] {dag.py:4180} INFO - Setting next_dagrun for multi_files_to_snowflake to None, run_after=None
[2025-05-01T12:59:52.495+0000] {processor.py:208} INFO - Processing /opt/airflow/dags/to_snowflake.py took 0.159 seconds
[2025-05-01T13:00:22.601+0000] {processor.py:186} INFO - Started process (PID=46) to work on /opt/airflow/dags/to_snowflake.py
[2025-05-01T13:00:22.603+0000] {processor.py:914} INFO - Processing file /opt/airflow/dags/to_snowflake.py for tasks to queue
[2025-05-01T13:00:22.609+0000] {logging_mixin.py:190} INFO - [2025-05-01T13:00:22.608+0000] {dagbag.py:588} INFO - Filling up the DagBag from /opt/airflow/dags/to_snowflake.py
[2025-05-01T13:00:22.635+0000] {processor.py:925} INFO - DAG(s) 'multi_files_to_snowflake' retrieved from /opt/airflow/dags/to_snowflake.py
[2025-05-01T13:00:22.669+0000] {logging_mixin.py:190} INFO - [2025-05-01T13:00:22.669+0000] {dag.py:3239} INFO - Sync 1 DAGs
[2025-05-01T13:00:22.693+0000] {logging_mixin.py:190} INFO - [2025-05-01T13:00:22.692+0000] {dag.py:4180} INFO - Setting next_dagrun for multi_files_to_snowflake to None, run_after=None
[2025-05-01T13:00:22.729+0000] {processor.py:208} INFO - Processing /opt/airflow/dags/to_snowflake.py took 0.142 seconds
[2025-05-01T13:00:52.810+0000] {processor.py:186} INFO - Started process (PID=52) to work on /opt/airflow/dags/to_snowflake.py
[2025-05-01T13:00:52.812+0000] {processor.py:914} INFO - Processing file /opt/airflow/dags/to_snowflake.py for tasks to queue
[2025-05-01T13:00:52.820+0000] {logging_mixin.py:190} INFO - [2025-05-01T13:00:52.819+0000] {dagbag.py:588} INFO - Filling up the DagBag from /opt/airflow/dags/to_snowflake.py
[2025-05-01T13:00:52.840+0000] {processor.py:925} INFO - DAG(s) 'multi_files_to_snowflake' retrieved from /opt/airflow/dags/to_snowflake.py
[2025-05-01T13:00:52.929+0000] {logging_mixin.py:190} INFO - [2025-05-01T13:00:52.928+0000] {dag.py:3239} INFO - Sync 1 DAGs
[2025-05-01T13:00:52.948+0000] {logging_mixin.py:190} INFO - [2025-05-01T13:00:52.947+0000] {dag.py:4180} INFO - Setting next_dagrun for multi_files_to_snowflake to None, run_after=None
[2025-05-01T13:00:52.979+0000] {processor.py:208} INFO - Processing /opt/airflow/dags/to_snowflake.py took 0.178 seconds
[2025-05-01T13:01:23.250+0000] {processor.py:186} INFO - Started process (PID=58) to work on /opt/airflow/dags/to_snowflake.py
[2025-05-01T13:01:23.252+0000] {processor.py:914} INFO - Processing file /opt/airflow/dags/to_snowflake.py for tasks to queue
[2025-05-01T13:01:23.259+0000] {logging_mixin.py:190} INFO - [2025-05-01T13:01:23.258+0000] {dagbag.py:588} INFO - Filling up the DagBag from /opt/airflow/dags/to_snowflake.py
[2025-05-01T13:01:23.303+0000] {processor.py:925} INFO - DAG(s) 'multi_files_to_snowflake' retrieved from /opt/airflow/dags/to_snowflake.py
[2025-05-01T13:01:23.352+0000] {logging_mixin.py:190} INFO - [2025-05-01T13:01:23.350+0000] {dag.py:3239} INFO - Sync 1 DAGs
[2025-05-01T13:01:23.382+0000] {logging_mixin.py:190} INFO - [2025-05-01T13:01:23.381+0000] {dag.py:4180} INFO - Setting next_dagrun for multi_files_to_snowflake to None, run_after=None
[2025-05-01T13:01:23.424+0000] {processor.py:208} INFO - Processing /opt/airflow/dags/to_snowflake.py took 0.191 seconds
[2025-05-01T13:01:53.626+0000] {processor.py:186} INFO - Started process (PID=71) to work on /opt/airflow/dags/to_snowflake.py
[2025-05-01T13:01:53.632+0000] {processor.py:914} INFO - Processing file /opt/airflow/dags/to_snowflake.py for tasks to queue
[2025-05-01T13:01:53.635+0000] {logging_mixin.py:190} INFO - [2025-05-01T13:01:53.634+0000] {dagbag.py:588} INFO - Filling up the DagBag from /opt/airflow/dags/to_snowflake.py
[2025-05-01T13:01:53.659+0000] {processor.py:925} INFO - DAG(s) 'multi_files_to_snowflake' retrieved from /opt/airflow/dags/to_snowflake.py
[2025-05-01T13:01:53.702+0000] {logging_mixin.py:190} INFO - [2025-05-01T13:01:53.702+0000] {dag.py:3239} INFO - Sync 1 DAGs
[2025-05-01T13:01:53.737+0000] {logging_mixin.py:190} INFO - [2025-05-01T13:01:53.737+0000] {dag.py:4180} INFO - Setting next_dagrun for multi_files_to_snowflake to None, run_after=None
[2025-05-01T13:01:53.777+0000] {processor.py:208} INFO - Processing /opt/airflow/dags/to_snowflake.py took 0.161 seconds
[2025-05-01T13:02:24.151+0000] {processor.py:186} INFO - Started process (PID=77) to work on /opt/airflow/dags/to_snowflake.py
[2025-05-01T13:02:24.153+0000] {processor.py:914} INFO - Processing file /opt/airflow/dags/to_snowflake.py for tasks to queue
[2025-05-01T13:02:24.156+0000] {logging_mixin.py:190} INFO - [2025-05-01T13:02:24.155+0000] {dagbag.py:588} INFO - Filling up the DagBag from /opt/airflow/dags/to_snowflake.py
[2025-05-01T13:02:24.184+0000] {processor.py:925} INFO - DAG(s) 'multi_files_to_snowflake' retrieved from /opt/airflow/dags/to_snowflake.py
[2025-05-01T13:02:24.234+0000] {logging_mixin.py:190} INFO - [2025-05-01T13:02:24.233+0000] {dag.py:3239} INFO - Sync 1 DAGs
[2025-05-01T13:02:24.270+0000] {logging_mixin.py:190} INFO - [2025-05-01T13:02:24.270+0000] {dag.py:4180} INFO - Setting next_dagrun for multi_files_to_snowflake to None, run_after=None
[2025-05-01T13:02:24.313+0000] {processor.py:208} INFO - Processing /opt/airflow/dags/to_snowflake.py took 0.174 seconds
[2025-05-01T13:02:54.914+0000] {processor.py:186} INFO - Started process (PID=83) to work on /opt/airflow/dags/to_snowflake.py
[2025-05-01T13:02:54.919+0000] {processor.py:914} INFO - Processing file /opt/airflow/dags/to_snowflake.py for tasks to queue
[2025-05-01T13:02:54.940+0000] {logging_mixin.py:190} INFO - [2025-05-01T13:02:54.937+0000] {dagbag.py:588} INFO - Filling up the DagBag from /opt/airflow/dags/to_snowflake.py
[2025-05-01T13:02:55.060+0000] {processor.py:925} INFO - DAG(s) 'multi_files_to_snowflake' retrieved from /opt/airflow/dags/to_snowflake.py
[2025-05-01T13:02:55.193+0000] {logging_mixin.py:190} INFO - [2025-05-01T13:02:55.192+0000] {dag.py:3239} INFO - Sync 1 DAGs
[2025-05-01T13:02:55.273+0000] {logging_mixin.py:190} INFO - [2025-05-01T13:02:55.273+0000] {dag.py:4180} INFO - Setting next_dagrun for multi_files_to_snowflake to None, run_after=None
[2025-05-01T13:02:55.372+0000] {processor.py:208} INFO - Processing /opt/airflow/dags/to_snowflake.py took 0.493 seconds
[2025-05-01T13:03:25.511+0000] {processor.py:186} INFO - Started process (PID=89) to work on /opt/airflow/dags/to_snowflake.py
[2025-05-01T13:03:25.513+0000] {processor.py:914} INFO - Processing file /opt/airflow/dags/to_snowflake.py for tasks to queue
[2025-05-01T13:03:25.525+0000] {logging_mixin.py:190} INFO - [2025-05-01T13:03:25.524+0000] {dagbag.py:588} INFO - Filling up the DagBag from /opt/airflow/dags/to_snowflake.py
[2025-05-01T13:03:25.565+0000] {processor.py:925} INFO - DAG(s) 'multi_files_to_snowflake' retrieved from /opt/airflow/dags/to_snowflake.py
[2025-05-01T13:03:25.690+0000] {logging_mixin.py:190} INFO - [2025-05-01T13:03:25.688+0000] {dag.py:3239} INFO - Sync 1 DAGs
[2025-05-01T13:03:25.770+0000] {logging_mixin.py:190} INFO - [2025-05-01T13:03:25.769+0000] {dag.py:4180} INFO - Setting next_dagrun for multi_files_to_snowflake to None, run_after=None
[2025-05-01T13:03:25.872+0000] {processor.py:208} INFO - Processing /opt/airflow/dags/to_snowflake.py took 0.377 seconds
[2025-05-01T13:03:56.213+0000] {processor.py:186} INFO - Started process (PID=95) to work on /opt/airflow/dags/to_snowflake.py
[2025-05-01T13:03:56.215+0000] {processor.py:914} INFO - Processing file /opt/airflow/dags/to_snowflake.py for tasks to queue
[2025-05-01T13:03:56.220+0000] {logging_mixin.py:190} INFO - [2025-05-01T13:03:56.219+0000] {dagbag.py:588} INFO - Filling up the DagBag from /opt/airflow/dags/to_snowflake.py
[2025-05-01T13:03:56.251+0000] {processor.py:925} INFO - DAG(s) 'multi_files_to_snowflake' retrieved from /opt/airflow/dags/to_snowflake.py
[2025-05-01T13:03:56.295+0000] {logging_mixin.py:190} INFO - [2025-05-01T13:03:56.293+0000] {dag.py:3239} INFO - Sync 1 DAGs
[2025-05-01T13:03:56.320+0000] {logging_mixin.py:190} INFO - [2025-05-01T13:03:56.319+0000] {dag.py:4180} INFO - Setting next_dagrun for multi_files_to_snowflake to None, run_after=None
[2025-05-01T13:03:56.353+0000] {processor.py:208} INFO - Processing /opt/airflow/dags/to_snowflake.py took 0.153 seconds
[2025-05-01T13:04:27.354+0000] {processor.py:186} INFO - Started process (PID=101) to work on /opt/airflow/dags/to_snowflake.py
[2025-05-01T13:04:27.356+0000] {processor.py:914} INFO - Processing file /opt/airflow/dags/to_snowflake.py for tasks to queue
[2025-05-01T13:04:27.371+0000] {logging_mixin.py:190} INFO - [2025-05-01T13:04:27.370+0000] {dagbag.py:588} INFO - Filling up the DagBag from /opt/airflow/dags/to_snowflake.py
[2025-05-01T13:04:27.429+0000] {processor.py:925} INFO - DAG(s) 'multi_files_to_snowflake' retrieved from /opt/airflow/dags/to_snowflake.py
[2025-05-01T13:04:27.523+0000] {logging_mixin.py:190} INFO - [2025-05-01T13:04:27.522+0000] {dag.py:3239} INFO - Sync 1 DAGs
[2025-05-01T13:04:27.575+0000] {logging_mixin.py:190} INFO - [2025-05-01T13:04:27.574+0000] {dag.py:4180} INFO - Setting next_dagrun for multi_files_to_snowflake to None, run_after=None
[2025-05-01T13:04:27.630+0000] {processor.py:208} INFO - Processing /opt/airflow/dags/to_snowflake.py took 0.297 seconds
[2025-05-01T13:04:57.759+0000] {processor.py:186} INFO - Started process (PID=108) to work on /opt/airflow/dags/to_snowflake.py
[2025-05-01T13:04:57.761+0000] {processor.py:914} INFO - Processing file /opt/airflow/dags/to_snowflake.py for tasks to queue
[2025-05-01T13:04:57.766+0000] {logging_mixin.py:190} INFO - [2025-05-01T13:04:57.765+0000] {dagbag.py:588} INFO - Filling up the DagBag from /opt/airflow/dags/to_snowflake.py
[2025-05-01T13:04:57.796+0000] {processor.py:925} INFO - DAG(s) 'multi_files_to_snowflake' retrieved from /opt/airflow/dags/to_snowflake.py
[2025-05-01T13:04:57.892+0000] {logging_mixin.py:190} INFO - [2025-05-01T13:04:57.890+0000] {dag.py:3239} INFO - Sync 1 DAGs
[2025-05-01T13:04:57.916+0000] {logging_mixin.py:190} INFO - [2025-05-01T13:04:57.916+0000] {dag.py:4180} INFO - Setting next_dagrun for multi_files_to_snowflake to None, run_after=None
[2025-05-01T13:04:57.953+0000] {processor.py:208} INFO - Processing /opt/airflow/dags/to_snowflake.py took 0.205 seconds
[2025-05-01T13:05:29.462+0000] {processor.py:186} INFO - Started process (PID=113) to work on /opt/airflow/dags/to_snowflake.py
[2025-05-01T13:05:29.473+0000] {processor.py:914} INFO - Processing file /opt/airflow/dags/to_snowflake.py for tasks to queue
[2025-05-01T13:05:29.526+0000] {logging_mixin.py:190} INFO - [2025-05-01T13:05:29.522+0000] {dagbag.py:588} INFO - Filling up the DagBag from /opt/airflow/dags/to_snowflake.py
[2025-05-01T13:05:29.693+0000] {processor.py:925} INFO - DAG(s) 'multi_files_to_snowflake' retrieved from /opt/airflow/dags/to_snowflake.py
[2025-05-01T13:05:30.393+0000] {logging_mixin.py:190} INFO - [2025-05-01T13:05:30.388+0000] {dag.py:3239} INFO - Sync 1 DAGs
[2025-05-01T13:05:30.678+0000] {logging_mixin.py:190} INFO - [2025-05-01T13:05:30.676+0000] {dag.py:4180} INFO - Setting next_dagrun for multi_files_to_snowflake to None, run_after=None
[2025-05-01T13:05:30.900+0000] {processor.py:208} INFO - Processing /opt/airflow/dags/to_snowflake.py took 1.550 seconds
[2025-05-01T13:06:01.568+0000] {processor.py:186} INFO - Started process (PID=120) to work on /opt/airflow/dags/to_snowflake.py
[2025-05-01T13:06:01.569+0000] {processor.py:914} INFO - Processing file /opt/airflow/dags/to_snowflake.py for tasks to queue
[2025-05-01T13:06:01.575+0000] {logging_mixin.py:190} INFO - [2025-05-01T13:06:01.575+0000] {dagbag.py:588} INFO - Filling up the DagBag from /opt/airflow/dags/to_snowflake.py
[2025-05-01T13:06:01.672+0000] {processor.py:925} INFO - DAG(s) 'multi_files_to_snowflake' retrieved from /opt/airflow/dags/to_snowflake.py
[2025-05-01T13:06:01.842+0000] {logging_mixin.py:190} INFO - [2025-05-01T13:06:01.838+0000] {dag.py:3239} INFO - Sync 1 DAGs
[2025-05-01T13:06:01.935+0000] {logging_mixin.py:190} INFO - [2025-05-01T13:06:01.934+0000] {dag.py:4180} INFO - Setting next_dagrun for multi_files_to_snowflake to None, run_after=None
[2025-05-01T13:06:02.019+0000] {processor.py:208} INFO - Processing /opt/airflow/dags/to_snowflake.py took 0.466 seconds
[2025-05-01T13:06:32.199+0000] {processor.py:186} INFO - Started process (PID=126) to work on /opt/airflow/dags/to_snowflake.py
[2025-05-01T13:06:32.201+0000] {processor.py:914} INFO - Processing file /opt/airflow/dags/to_snowflake.py for tasks to queue
[2025-05-01T13:06:32.205+0000] {logging_mixin.py:190} INFO - [2025-05-01T13:06:32.204+0000] {dagbag.py:588} INFO - Filling up the DagBag from /opt/airflow/dags/to_snowflake.py
[2025-05-01T13:06:32.228+0000] {processor.py:925} INFO - DAG(s) 'multi_files_to_snowflake' retrieved from /opt/airflow/dags/to_snowflake.py
[2025-05-01T13:06:32.266+0000] {logging_mixin.py:190} INFO - [2025-05-01T13:06:32.265+0000] {dag.py:3239} INFO - Sync 1 DAGs
[2025-05-01T13:06:32.289+0000] {logging_mixin.py:190} INFO - [2025-05-01T13:06:32.288+0000] {dag.py:4180} INFO - Setting next_dagrun for multi_files_to_snowflake to None, run_after=None
[2025-05-01T13:06:32.317+0000] {processor.py:208} INFO - Processing /opt/airflow/dags/to_snowflake.py took 0.125 seconds
[2025-05-01T13:07:02.984+0000] {processor.py:186} INFO - Started process (PID=133) to work on /opt/airflow/dags/to_snowflake.py
[2025-05-01T13:07:02.987+0000] {processor.py:914} INFO - Processing file /opt/airflow/dags/to_snowflake.py for tasks to queue
[2025-05-01T13:07:02.991+0000] {logging_mixin.py:190} INFO - [2025-05-01T13:07:02.991+0000] {dagbag.py:588} INFO - Filling up the DagBag from /opt/airflow/dags/to_snowflake.py
[2025-05-01T13:07:03.029+0000] {processor.py:925} INFO - DAG(s) 'multi_files_to_snowflake' retrieved from /opt/airflow/dags/to_snowflake.py
[2025-05-01T13:07:03.103+0000] {logging_mixin.py:190} INFO - [2025-05-01T13:07:03.102+0000] {dag.py:3239} INFO - Sync 1 DAGs
[2025-05-01T13:07:03.143+0000] {logging_mixin.py:190} INFO - [2025-05-01T13:07:03.143+0000] {dag.py:4180} INFO - Setting next_dagrun for multi_files_to_snowflake to None, run_after=None
[2025-05-01T13:07:03.190+0000] {processor.py:208} INFO - Processing /opt/airflow/dags/to_snowflake.py took 0.215 seconds
[2025-05-01T13:07:33.299+0000] {processor.py:186} INFO - Started process (PID=148) to work on /opt/airflow/dags/to_snowflake.py
[2025-05-01T13:07:33.301+0000] {processor.py:914} INFO - Processing file /opt/airflow/dags/to_snowflake.py for tasks to queue
[2025-05-01T13:07:33.304+0000] {logging_mixin.py:190} INFO - [2025-05-01T13:07:33.303+0000] {dagbag.py:588} INFO - Filling up the DagBag from /opt/airflow/dags/to_snowflake.py
[2025-05-01T13:07:33.339+0000] {processor.py:925} INFO - DAG(s) 'multi_files_to_snowflake' retrieved from /opt/airflow/dags/to_snowflake.py
[2025-05-01T13:07:33.376+0000] {logging_mixin.py:190} INFO - [2025-05-01T13:07:33.375+0000] {dag.py:3239} INFO - Sync 1 DAGs
[2025-05-01T13:07:33.395+0000] {logging_mixin.py:190} INFO - [2025-05-01T13:07:33.395+0000] {dag.py:4180} INFO - Setting next_dagrun for multi_files_to_snowflake to None, run_after=None
[2025-05-01T13:07:33.420+0000] {processor.py:208} INFO - Processing /opt/airflow/dags/to_snowflake.py took 0.126 seconds
[2025-05-01T13:08:03.498+0000] {processor.py:186} INFO - Started process (PID=154) to work on /opt/airflow/dags/to_snowflake.py
[2025-05-01T13:08:03.500+0000] {processor.py:914} INFO - Processing file /opt/airflow/dags/to_snowflake.py for tasks to queue
[2025-05-01T13:08:03.505+0000] {logging_mixin.py:190} INFO - [2025-05-01T13:08:03.505+0000] {dagbag.py:588} INFO - Filling up the DagBag from /opt/airflow/dags/to_snowflake.py
[2025-05-01T13:08:03.537+0000] {processor.py:925} INFO - DAG(s) 'multi_files_to_snowflake' retrieved from /opt/airflow/dags/to_snowflake.py
[2025-05-01T13:08:03.584+0000] {logging_mixin.py:190} INFO - [2025-05-01T13:08:03.583+0000] {dag.py:3239} INFO - Sync 1 DAGs
[2025-05-01T13:08:03.603+0000] {logging_mixin.py:190} INFO - [2025-05-01T13:08:03.603+0000] {dag.py:4180} INFO - Setting next_dagrun for multi_files_to_snowflake to None, run_after=None
[2025-05-01T13:08:03.633+0000] {processor.py:208} INFO - Processing /opt/airflow/dags/to_snowflake.py took 0.143 seconds
[2025-05-01T13:08:33.824+0000] {processor.py:186} INFO - Started process (PID=160) to work on /opt/airflow/dags/to_snowflake.py
[2025-05-01T13:08:33.826+0000] {processor.py:914} INFO - Processing file /opt/airflow/dags/to_snowflake.py for tasks to queue
[2025-05-01T13:08:33.831+0000] {logging_mixin.py:190} INFO - [2025-05-01T13:08:33.831+0000] {dagbag.py:588} INFO - Filling up the DagBag from /opt/airflow/dags/to_snowflake.py
[2025-05-01T13:08:33.865+0000] {processor.py:925} INFO - DAG(s) 'multi_files_to_snowflake' retrieved from /opt/airflow/dags/to_snowflake.py
[2025-05-01T13:08:33.911+0000] {logging_mixin.py:190} INFO - [2025-05-01T13:08:33.910+0000] {dag.py:3239} INFO - Sync 1 DAGs
[2025-05-01T13:08:33.932+0000] {logging_mixin.py:190} INFO - [2025-05-01T13:08:33.932+0000] {dag.py:4180} INFO - Setting next_dagrun for multi_files_to_snowflake to None, run_after=None
[2025-05-01T13:08:33.959+0000] {processor.py:208} INFO - Processing /opt/airflow/dags/to_snowflake.py took 0.145 seconds
[2025-05-01T13:09:04.157+0000] {processor.py:186} INFO - Started process (PID=165) to work on /opt/airflow/dags/to_snowflake.py
[2025-05-01T13:09:04.160+0000] {processor.py:914} INFO - Processing file /opt/airflow/dags/to_snowflake.py for tasks to queue
[2025-05-01T13:09:04.163+0000] {logging_mixin.py:190} INFO - [2025-05-01T13:09:04.162+0000] {dagbag.py:588} INFO - Filling up the DagBag from /opt/airflow/dags/to_snowflake.py
[2025-05-01T13:09:04.187+0000] {processor.py:925} INFO - DAG(s) 'multi_files_to_snowflake' retrieved from /opt/airflow/dags/to_snowflake.py
[2025-05-01T13:09:04.237+0000] {logging_mixin.py:190} INFO - [2025-05-01T13:09:04.236+0000] {dag.py:3239} INFO - Sync 1 DAGs
[2025-05-01T13:09:04.268+0000] {logging_mixin.py:190} INFO - [2025-05-01T13:09:04.268+0000] {dag.py:4180} INFO - Setting next_dagrun for multi_files_to_snowflake to None, run_after=None
[2025-05-01T13:09:04.305+0000] {processor.py:208} INFO - Processing /opt/airflow/dags/to_snowflake.py took 0.155 seconds
[2025-05-01T13:09:34.500+0000] {processor.py:186} INFO - Started process (PID=172) to work on /opt/airflow/dags/to_snowflake.py
[2025-05-01T13:09:34.501+0000] {processor.py:914} INFO - Processing file /opt/airflow/dags/to_snowflake.py for tasks to queue
[2025-05-01T13:09:34.504+0000] {logging_mixin.py:190} INFO - [2025-05-01T13:09:34.504+0000] {dagbag.py:588} INFO - Filling up the DagBag from /opt/airflow/dags/to_snowflake.py
[2025-05-01T13:09:34.523+0000] {processor.py:925} INFO - DAG(s) 'multi_files_to_snowflake' retrieved from /opt/airflow/dags/to_snowflake.py
[2025-05-01T13:09:34.560+0000] {logging_mixin.py:190} INFO - [2025-05-01T13:09:34.560+0000] {dag.py:3239} INFO - Sync 1 DAGs
[2025-05-01T13:09:34.589+0000] {logging_mixin.py:190} INFO - [2025-05-01T13:09:34.589+0000] {dag.py:4180} INFO - Setting next_dagrun for multi_files_to_snowflake to None, run_after=None
[2025-05-01T13:09:34.622+0000] {processor.py:208} INFO - Processing /opt/airflow/dags/to_snowflake.py took 0.132 seconds
[2025-05-01T13:10:05.470+0000] {processor.py:186} INFO - Started process (PID=177) to work on /opt/airflow/dags/to_snowflake.py
[2025-05-01T13:10:05.483+0000] {processor.py:914} INFO - Processing file /opt/airflow/dags/to_snowflake.py for tasks to queue
[2025-05-01T13:10:05.526+0000] {logging_mixin.py:190} INFO - [2025-05-01T13:10:05.523+0000] {dagbag.py:588} INFO - Filling up the DagBag from /opt/airflow/dags/to_snowflake.py
[2025-05-01T13:10:05.664+0000] {processor.py:925} INFO - DAG(s) 'multi_files_to_snowflake' retrieved from /opt/airflow/dags/to_snowflake.py
[2025-05-01T13:10:05.903+0000] {logging_mixin.py:190} INFO - [2025-05-01T13:10:05.902+0000] {dag.py:3239} INFO - Sync 1 DAGs
[2025-05-01T13:10:06.009+0000] {logging_mixin.py:190} INFO - [2025-05-01T13:10:06.008+0000] {dag.py:4180} INFO - Setting next_dagrun for multi_files_to_snowflake to None, run_after=None
[2025-05-01T13:10:06.099+0000] {processor.py:208} INFO - Processing /opt/airflow/dags/to_snowflake.py took 0.720 seconds
[2025-05-01T13:10:36.818+0000] {processor.py:186} INFO - Started process (PID=184) to work on /opt/airflow/dags/to_snowflake.py
[2025-05-01T13:10:36.831+0000] {processor.py:914} INFO - Processing file /opt/airflow/dags/to_snowflake.py for tasks to queue
[2025-05-01T13:10:36.837+0000] {logging_mixin.py:190} INFO - [2025-05-01T13:10:36.837+0000] {dagbag.py:588} INFO - Filling up the DagBag from /opt/airflow/dags/to_snowflake.py
[2025-05-01T13:10:36.871+0000] {processor.py:925} INFO - DAG(s) 'multi_files_to_snowflake' retrieved from /opt/airflow/dags/to_snowflake.py
[2025-05-01T13:10:36.964+0000] {logging_mixin.py:190} INFO - [2025-05-01T13:10:36.962+0000] {dag.py:3239} INFO - Sync 1 DAGs
[2025-05-01T13:10:37.004+0000] {logging_mixin.py:190} INFO - [2025-05-01T13:10:37.004+0000] {dag.py:4180} INFO - Setting next_dagrun for multi_files_to_snowflake to None, run_after=None
[2025-05-01T13:10:37.047+0000] {processor.py:208} INFO - Processing /opt/airflow/dags/to_snowflake.py took 0.236 seconds
[2025-05-01T13:11:07.261+0000] {processor.py:186} INFO - Started process (PID=190) to work on /opt/airflow/dags/to_snowflake.py
[2025-05-01T13:11:07.263+0000] {processor.py:914} INFO - Processing file /opt/airflow/dags/to_snowflake.py for tasks to queue
[2025-05-01T13:11:07.270+0000] {logging_mixin.py:190} INFO - [2025-05-01T13:11:07.269+0000] {dagbag.py:588} INFO - Filling up the DagBag from /opt/airflow/dags/to_snowflake.py
[2025-05-01T13:11:07.303+0000] {processor.py:925} INFO - DAG(s) 'multi_files_to_snowflake' retrieved from /opt/airflow/dags/to_snowflake.py
[2025-05-01T13:11:07.382+0000] {logging_mixin.py:190} INFO - [2025-05-01T13:11:07.381+0000] {dag.py:3239} INFO - Sync 1 DAGs
[2025-05-01T13:11:07.426+0000] {logging_mixin.py:190} INFO - [2025-05-01T13:11:07.425+0000] {dag.py:4180} INFO - Setting next_dagrun for multi_files_to_snowflake to None, run_after=None
[2025-05-01T13:11:07.471+0000] {processor.py:208} INFO - Processing /opt/airflow/dags/to_snowflake.py took 0.222 seconds
[2025-05-01T13:11:38.063+0000] {processor.py:186} INFO - Started process (PID=196) to work on /opt/airflow/dags/to_snowflake.py
[2025-05-01T13:11:38.064+0000] {processor.py:914} INFO - Processing file /opt/airflow/dags/to_snowflake.py for tasks to queue
[2025-05-01T13:11:38.069+0000] {logging_mixin.py:190} INFO - [2025-05-01T13:11:38.068+0000] {dagbag.py:588} INFO - Filling up the DagBag from /opt/airflow/dags/to_snowflake.py
[2025-05-01T13:11:38.101+0000] {processor.py:925} INFO - DAG(s) 'multi_files_to_snowflake' retrieved from /opt/airflow/dags/to_snowflake.py
[2025-05-01T13:11:38.160+0000] {logging_mixin.py:190} INFO - [2025-05-01T13:11:38.158+0000] {dag.py:3239} INFO - Sync 1 DAGs
[2025-05-01T13:11:38.204+0000] {logging_mixin.py:190} INFO - [2025-05-01T13:11:38.203+0000] {dag.py:4180} INFO - Setting next_dagrun for multi_files_to_snowflake to None, run_after=None
[2025-05-01T13:11:38.259+0000] {processor.py:208} INFO - Processing /opt/airflow/dags/to_snowflake.py took 0.205 seconds
[2025-05-01T13:12:08.545+0000] {processor.py:186} INFO - Started process (PID=203) to work on /opt/airflow/dags/to_snowflake.py
[2025-05-01T13:12:08.547+0000] {processor.py:914} INFO - Processing file /opt/airflow/dags/to_snowflake.py for tasks to queue
[2025-05-01T13:12:08.551+0000] {logging_mixin.py:190} INFO - [2025-05-01T13:12:08.551+0000] {dagbag.py:588} INFO - Filling up the DagBag from /opt/airflow/dags/to_snowflake.py
[2025-05-01T13:12:08.636+0000] {processor.py:925} INFO - DAG(s) 'multi_files_to_snowflake' retrieved from /opt/airflow/dags/to_snowflake.py
[2025-05-01T13:12:08.844+0000] {logging_mixin.py:190} INFO - [2025-05-01T13:12:08.842+0000] {dag.py:3239} INFO - Sync 1 DAGs
[2025-05-01T13:12:08.921+0000] {logging_mixin.py:190} INFO - [2025-05-01T13:12:08.921+0000] {dag.py:4180} INFO - Setting next_dagrun for multi_files_to_snowflake to None, run_after=None
[2025-05-01T13:12:08.959+0000] {processor.py:208} INFO - Processing /opt/airflow/dags/to_snowflake.py took 0.425 seconds
[2025-05-01T13:12:39.569+0000] {processor.py:186} INFO - Started process (PID=211) to work on /opt/airflow/dags/to_snowflake.py
[2025-05-01T13:12:39.572+0000] {processor.py:914} INFO - Processing file /opt/airflow/dags/to_snowflake.py for tasks to queue
[2025-05-01T13:12:39.581+0000] {logging_mixin.py:190} INFO - [2025-05-01T13:12:39.580+0000] {dagbag.py:588} INFO - Filling up the DagBag from /opt/airflow/dags/to_snowflake.py
[2025-05-01T13:12:39.623+0000] {processor.py:925} INFO - DAG(s) 'multi_files_to_snowflake' retrieved from /opt/airflow/dags/to_snowflake.py
[2025-05-01T13:12:39.691+0000] {logging_mixin.py:190} INFO - [2025-05-01T13:12:39.689+0000] {dag.py:3239} INFO - Sync 1 DAGs
[2025-05-01T13:12:39.731+0000] {logging_mixin.py:190} INFO - [2025-05-01T13:12:39.731+0000] {dag.py:4180} INFO - Setting next_dagrun for multi_files_to_snowflake to None, run_after=None
[2025-05-01T13:12:39.778+0000] {processor.py:208} INFO - Processing /opt/airflow/dags/to_snowflake.py took 0.226 seconds
[2025-05-01T13:13:11.974+0000] {processor.py:186} INFO - Started process (PID=217) to work on /opt/airflow/dags/to_snowflake.py
[2025-05-01T13:13:11.975+0000] {processor.py:914} INFO - Processing file /opt/airflow/dags/to_snowflake.py for tasks to queue
[2025-05-01T13:13:11.981+0000] {logging_mixin.py:190} INFO - [2025-05-01T13:13:11.979+0000] {dagbag.py:588} INFO - Filling up the DagBag from /opt/airflow/dags/to_snowflake.py
[2025-05-01T13:13:12.011+0000] {processor.py:925} INFO - DAG(s) 'multi_files_to_snowflake' retrieved from /opt/airflow/dags/to_snowflake.py
[2025-05-01T13:13:12.062+0000] {logging_mixin.py:190} INFO - [2025-05-01T13:13:12.061+0000] {dag.py:3239} INFO - Sync 1 DAGs
[2025-05-01T13:13:12.079+0000] {logging_mixin.py:190} INFO - [2025-05-01T13:13:12.079+0000] {dag.py:4180} INFO - Setting next_dagrun for multi_files_to_snowflake to None, run_after=None
[2025-05-01T13:13:12.105+0000] {processor.py:208} INFO - Processing /opt/airflow/dags/to_snowflake.py took 0.139 seconds
[2025-05-01T13:13:42.165+0000] {processor.py:186} INFO - Started process (PID=223) to work on /opt/airflow/dags/to_snowflake.py
[2025-05-01T13:13:42.167+0000] {processor.py:914} INFO - Processing file /opt/airflow/dags/to_snowflake.py for tasks to queue
[2025-05-01T13:13:42.170+0000] {logging_mixin.py:190} INFO - [2025-05-01T13:13:42.170+0000] {dagbag.py:588} INFO - Filling up the DagBag from /opt/airflow/dags/to_snowflake.py
[2025-05-01T13:13:42.192+0000] {processor.py:925} INFO - DAG(s) 'multi_files_to_snowflake' retrieved from /opt/airflow/dags/to_snowflake.py
[2025-05-01T13:13:42.223+0000] {logging_mixin.py:190} INFO - [2025-05-01T13:13:42.221+0000] {dag.py:3239} INFO - Sync 1 DAGs
[2025-05-01T13:13:42.278+0000] {logging_mixin.py:190} INFO - [2025-05-01T13:13:42.278+0000] {dag.py:4180} INFO - Setting next_dagrun for multi_files_to_snowflake to None, run_after=None
[2025-05-01T13:13:42.308+0000] {processor.py:208} INFO - Processing /opt/airflow/dags/to_snowflake.py took 0.151 seconds
[2025-05-01T13:14:12.453+0000] {processor.py:186} INFO - Started process (PID=226) to work on /opt/airflow/dags/to_snowflake.py
[2025-05-01T13:14:12.454+0000] {processor.py:914} INFO - Processing file /opt/airflow/dags/to_snowflake.py for tasks to queue
[2025-05-01T13:14:12.461+0000] {logging_mixin.py:190} INFO - [2025-05-01T13:14:12.460+0000] {dagbag.py:588} INFO - Filling up the DagBag from /opt/airflow/dags/to_snowflake.py
[2025-05-01T13:14:12.497+0000] {processor.py:925} INFO - DAG(s) 'multi_files_to_snowflake' retrieved from /opt/airflow/dags/to_snowflake.py
[2025-05-01T13:14:12.549+0000] {logging_mixin.py:190} INFO - [2025-05-01T13:14:12.545+0000] {dag.py:3239} INFO - Sync 1 DAGs
[2025-05-01T13:14:12.585+0000] {logging_mixin.py:190} INFO - [2025-05-01T13:14:12.584+0000] {dag.py:4180} INFO - Setting next_dagrun for multi_files_to_snowflake to None, run_after=None
[2025-05-01T13:14:12.631+0000] {processor.py:208} INFO - Processing /opt/airflow/dags/to_snowflake.py took 0.192 seconds
[2025-05-01T13:14:42.804+0000] {processor.py:186} INFO - Started process (PID=233) to work on /opt/airflow/dags/to_snowflake.py
[2025-05-01T13:14:42.805+0000] {processor.py:914} INFO - Processing file /opt/airflow/dags/to_snowflake.py for tasks to queue
[2025-05-01T13:14:42.811+0000] {logging_mixin.py:190} INFO - [2025-05-01T13:14:42.810+0000] {dagbag.py:588} INFO - Filling up the DagBag from /opt/airflow/dags/to_snowflake.py
[2025-05-01T13:14:42.840+0000] {processor.py:925} INFO - DAG(s) 'multi_files_to_snowflake' retrieved from /opt/airflow/dags/to_snowflake.py
[2025-05-01T13:14:42.877+0000] {logging_mixin.py:190} INFO - [2025-05-01T13:14:42.876+0000] {dag.py:3239} INFO - Sync 1 DAGs
[2025-05-01T13:14:42.898+0000] {logging_mixin.py:190} INFO - [2025-05-01T13:14:42.897+0000] {dag.py:4180} INFO - Setting next_dagrun for multi_files_to_snowflake to None, run_after=None
[2025-05-01T13:14:42.930+0000] {processor.py:208} INFO - Processing /opt/airflow/dags/to_snowflake.py took 0.136 seconds
