[2025-05-01T13:43:41.038+0000] {local_task_job_runner.py:123} INFO - ::group::Pre task execution logs
[2025-05-01T13:43:41.063+0000] {taskinstance.py:2614} INFO - Dependencies all met for dep_context=non-requeueable deps ti=<TaskInstance: multi_files_to_snowflake.upload_files_to_snowflake manual__2025-05-01T13:43:31.688132+00:00 [queued]>
[2025-05-01T13:43:41.074+0000] {taskinstance.py:2614} INFO - Dependencies all met for dep_context=requeueable deps ti=<TaskInstance: multi_files_to_snowflake.upload_files_to_snowflake manual__2025-05-01T13:43:31.688132+00:00 [queued]>
[2025-05-01T13:43:41.077+0000] {taskinstance.py:2867} INFO - Starting attempt 1 of 2
[2025-05-01T13:43:41.096+0000] {taskinstance.py:2890} INFO - Executing <Task(PythonOperator): upload_files_to_snowflake> on 2025-05-01 13:43:31.688132+00:00
[2025-05-01T13:43:41.105+0000] {standard_task_runner.py:104} INFO - Running: ['***', 'tasks', 'run', 'multi_files_to_snowflake', 'upload_files_to_snowflake', 'manual__2025-05-01T13:43:31.688132+00:00', '--job-id', '26', '--raw', '--subdir', 'DAGS_FOLDER/csv_to_snowflake.py', '--cfg-path', '/tmp/tmpxkjd1d_p']
[2025-05-01T13:43:41.113+0000] {standard_task_runner.py:105} INFO - Job 26: Subtask upload_files_to_snowflake
[2025-05-01T13:43:41.114+0000] {logging_mixin.py:190} WARNING - /home/***/.local/lib/python3.12/site-packages/***/task/task_runner/standard_task_runner.py:70 DeprecationWarning: This process (pid=56) is multi-threaded, use of fork() may lead to deadlocks in the child.
[2025-05-01T13:43:41.115+0000] {standard_task_runner.py:72} INFO - Started process 63 to run task
[2025-05-01T13:43:41.195+0000] {task_command.py:467} INFO - Running <TaskInstance: multi_files_to_snowflake.upload_files_to_snowflake manual__2025-05-01T13:43:31.688132+00:00 [running]> on host 8d7d47608376
[2025-05-01T13:43:41.585+0000] {taskinstance.py:3134} INFO - Exporting env vars: AIRFLOW_CTX_DAG_OWNER='***' AIRFLOW_CTX_DAG_ID='multi_files_to_snowflake' AIRFLOW_CTX_TASK_ID='upload_files_to_snowflake' AIRFLOW_CTX_EXECUTION_DATE='2025-05-01T13:43:31.688132+00:00' AIRFLOW_CTX_TRY_NUMBER='1' AIRFLOW_CTX_DAG_RUN_ID='manual__2025-05-01T13:43:31.688132+00:00'
[2025-05-01T13:43:41.586+0000] {taskinstance.py:732} INFO - ::endgroup::
[2025-05-01T13:43:41.650+0000] {base.py:84} INFO - Retrieving connection 'snowflake_default'
[2025-05-01T13:43:41.652+0000] {connection.py:424} INFO - Snowflake Connector for Python Version: 3.13.2, Python Version: 3.12.9, Platform: Linux-5.15.167.4-microsoft-standard-WSL2-x86_64-with-glibc2.36
[2025-05-01T13:43:41.653+0000] {connection.py:1213} INFO - Connecting to GLOBAL Snowflake domain
[2025-05-01T13:43:41.653+0000] {connection.py:1295} INFO - This connection is in OCSP Fail Open Mode. TLS Certificates would be checked for validity and revocation status. Any other Certificate Revocation related exceptions or OCSP Responder failures would be disregarded in favor of connectivity.
[2025-05-01T13:43:46.847+0000] {logging_mixin.py:190} INFO - Fichier /opt/***/dags/data/electri0.csv chargé dans la table ELECTRI0
[2025-05-01T13:43:48.832+0000] {logging_mixin.py:190} INFO - Fichier /opt/***/dags/data/electri1.csv chargé dans la table ELECTRI1
[2025-05-01T13:43:51.089+0000] {logging_mixin.py:190} INFO - Fichier /opt/***/dags/data/electri2.xlsx chargé dans la table ELECTRI2
[2025-05-01T13:43:53.000+0000] {logging_mixin.py:190} INFO - Fichier /opt/***/dags/data/electri3.xlsx chargé dans la table ELECTRI3
[2025-05-01T13:43:55.370+0000] {logging_mixin.py:190} INFO - Fichier /opt/***/dags/data/electri4.xlsx chargé dans la table ELECTRI4
[2025-05-01T13:43:57.632+0000] {logging_mixin.py:190} INFO - Fichier /opt/***/dags/data/electri5.xlsx chargé dans la table ELECTRI5
[2025-05-01T13:43:59.868+0000] {logging_mixin.py:190} INFO - Fichier /opt/***/dags/data/electri6.xlsx chargé dans la table ELECTRI6
[2025-05-01T13:43:59.869+0000] {python.py:240} INFO - Done. Returned value was: None
[2025-05-01T13:43:59.884+0000] {taskinstance.py:341} INFO - ::group::Post task execution logs
[2025-05-01T13:43:59.886+0000] {taskinstance.py:353} INFO - Marking task as SUCCESS. dag_id=multi_files_to_snowflake, task_id=upload_files_to_snowflake, run_id=manual__2025-05-01T13:43:31.688132+00:00, execution_date=20250501T134331, start_date=20250501T134341, end_date=20250501T134359
[2025-05-01T13:43:59.944+0000] {local_task_job_runner.py:266} INFO - Task exited with return code 0
[2025-05-01T13:43:59.968+0000] {taskinstance.py:3901} INFO - 0 downstream tasks scheduled from follow-on schedule check
[2025-05-01T13:43:59.971+0000] {local_task_job_runner.py:245} INFO - ::endgroup::
