[2025-04-30T23:16:28.272+0000] {processor.py:186} INFO - Started process (PID=26) to work on /opt/airflow/dags/dataframe_in_snowflake.py
[2025-04-30T23:16:28.289+0000] {processor.py:914} INFO - Processing file /opt/airflow/dags/dataframe_in_snowflake.py for tasks to queue
[2025-04-30T23:16:28.338+0000] {logging_mixin.py:190} INFO - [2025-04-30T23:16:28.334+0000] {dagbag.py:588} INFO - Filling up the DagBag from /opt/airflow/dags/dataframe_in_snowflake.py
[2025-04-30T23:16:28.644+0000] {processor.py:925} INFO - DAG(s) 'store_data_in_snowflake' retrieved from /opt/airflow/dags/dataframe_in_snowflake.py
[2025-04-30T23:16:30.441+0000] {logging_mixin.py:190} INFO - [2025-04-30T23:16:30.436+0000] {override.py:1912} INFO - Created Permission View: can delete on DAG:store_data_in_snowflake
[2025-04-30T23:16:30.469+0000] {logging_mixin.py:190} INFO - [2025-04-30T23:16:30.469+0000] {override.py:1912} INFO - Created Permission View: can read on DAG:store_data_in_snowflake
[2025-04-30T23:16:30.483+0000] {logging_mixin.py:190} INFO - [2025-04-30T23:16:30.483+0000] {override.py:1912} INFO - Created Permission View: can edit on DAG:store_data_in_snowflake
[2025-04-30T23:16:30.500+0000] {logging_mixin.py:190} INFO - [2025-04-30T23:16:30.500+0000] {override.py:1912} INFO - Created Permission View: menu access on DAG Run:store_data_in_snowflake
[2025-04-30T23:16:30.516+0000] {logging_mixin.py:190} INFO - [2025-04-30T23:16:30.515+0000] {override.py:1912} INFO - Created Permission View: can delete on DAG Run:store_data_in_snowflake
[2025-04-30T23:16:30.530+0000] {logging_mixin.py:190} INFO - [2025-04-30T23:16:30.530+0000] {override.py:1912} INFO - Created Permission View: can read on DAG Run:store_data_in_snowflake
[2025-04-30T23:16:30.546+0000] {logging_mixin.py:190} INFO - [2025-04-30T23:16:30.546+0000] {override.py:1912} INFO - Created Permission View: can create on DAG Run:store_data_in_snowflake
[2025-04-30T23:16:30.550+0000] {logging_mixin.py:190} INFO - [2025-04-30T23:16:30.549+0000] {dag.py:3239} INFO - Sync 1 DAGs
[2025-04-30T23:16:30.625+0000] {logging_mixin.py:190} INFO - [2025-04-30T23:16:30.624+0000] {dag.py:3262} INFO - Creating ORM DAG for store_data_in_snowflake
[2025-04-30T23:16:30.631+0000] {logging_mixin.py:190} INFO - [2025-04-30T23:16:30.630+0000] {dag.py:4180} INFO - Setting next_dagrun for store_data_in_snowflake to None, run_after=None
[2025-04-30T23:16:30.695+0000] {processor.py:208} INFO - Processing /opt/airflow/dags/dataframe_in_snowflake.py took 2.546 seconds
[2025-04-30T23:17:01.473+0000] {processor.py:186} INFO - Started process (PID=27) to work on /opt/airflow/dags/dataframe_in_snowflake.py
[2025-04-30T23:17:01.482+0000] {processor.py:914} INFO - Processing file /opt/airflow/dags/dataframe_in_snowflake.py for tasks to queue
[2025-04-30T23:17:01.520+0000] {logging_mixin.py:190} INFO - [2025-04-30T23:17:01.517+0000] {dagbag.py:588} INFO - Filling up the DagBag from /opt/airflow/dags/dataframe_in_snowflake.py
[2025-04-30T23:17:01.690+0000] {processor.py:925} INFO - DAG(s) 'store_data_in_snowflake' retrieved from /opt/airflow/dags/dataframe_in_snowflake.py
[2025-04-30T23:17:02.119+0000] {logging_mixin.py:190} INFO - [2025-04-30T23:17:02.117+0000] {dag.py:3239} INFO - Sync 1 DAGs
[2025-04-30T23:17:02.317+0000] {logging_mixin.py:190} INFO - [2025-04-30T23:17:02.317+0000] {dag.py:4180} INFO - Setting next_dagrun for store_data_in_snowflake to None, run_after=None
[2025-04-30T23:17:02.419+0000] {processor.py:208} INFO - Processing /opt/airflow/dags/dataframe_in_snowflake.py took 1.057 seconds
[2025-04-30T23:17:35.385+0000] {processor.py:186} INFO - Started process (PID=28) to work on /opt/airflow/dags/dataframe_in_snowflake.py
[2025-04-30T23:17:35.528+0000] {processor.py:914} INFO - Processing file /opt/airflow/dags/dataframe_in_snowflake.py for tasks to queue
[2025-04-30T23:17:35.764+0000] {logging_mixin.py:190} INFO - [2025-04-30T23:17:35.763+0000] {dagbag.py:588} INFO - Filling up the DagBag from /opt/airflow/dags/dataframe_in_snowflake.py
[2025-04-30T23:17:35.842+0000] {processor.py:925} INFO - DAG(s) 'store_data_in_snowflake' retrieved from /opt/airflow/dags/dataframe_in_snowflake.py
[2025-04-30T23:17:35.914+0000] {logging_mixin.py:190} INFO - [2025-04-30T23:17:35.913+0000] {dag.py:3239} INFO - Sync 1 DAGs
[2025-04-30T23:17:35.937+0000] {logging_mixin.py:190} INFO - [2025-04-30T23:17:35.937+0000] {dag.py:4180} INFO - Setting next_dagrun for store_data_in_snowflake to None, run_after=None
[2025-04-30T23:17:35.971+0000] {processor.py:208} INFO - Processing /opt/airflow/dags/dataframe_in_snowflake.py took 0.890 seconds
[2025-04-30T23:18:06.144+0000] {processor.py:186} INFO - Started process (PID=29) to work on /opt/airflow/dags/dataframe_in_snowflake.py
[2025-04-30T23:18:06.146+0000] {processor.py:914} INFO - Processing file /opt/airflow/dags/dataframe_in_snowflake.py for tasks to queue
[2025-04-30T23:18:06.152+0000] {logging_mixin.py:190} INFO - [2025-04-30T23:18:06.152+0000] {dagbag.py:588} INFO - Filling up the DagBag from /opt/airflow/dags/dataframe_in_snowflake.py
[2025-04-30T23:18:06.176+0000] {processor.py:925} INFO - DAG(s) 'store_data_in_snowflake' retrieved from /opt/airflow/dags/dataframe_in_snowflake.py
[2025-04-30T23:18:06.224+0000] {logging_mixin.py:190} INFO - [2025-04-30T23:18:06.223+0000] {dag.py:3239} INFO - Sync 1 DAGs
[2025-04-30T23:18:06.252+0000] {logging_mixin.py:190} INFO - [2025-04-30T23:18:06.252+0000] {dag.py:4180} INFO - Setting next_dagrun for store_data_in_snowflake to None, run_after=None
[2025-04-30T23:18:06.310+0000] {processor.py:208} INFO - Processing /opt/airflow/dags/dataframe_in_snowflake.py took 0.179 seconds
[2025-04-30T23:18:37.337+0000] {processor.py:186} INFO - Started process (PID=31) to work on /opt/airflow/dags/dataframe_in_snowflake.py
[2025-04-30T23:18:37.344+0000] {processor.py:914} INFO - Processing file /opt/airflow/dags/dataframe_in_snowflake.py for tasks to queue
[2025-04-30T23:18:37.376+0000] {logging_mixin.py:190} INFO - [2025-04-30T23:18:37.375+0000] {dagbag.py:588} INFO - Filling up the DagBag from /opt/airflow/dags/dataframe_in_snowflake.py
[2025-04-30T23:18:37.495+0000] {processor.py:925} INFO - DAG(s) 'store_data_in_snowflake' retrieved from /opt/airflow/dags/dataframe_in_snowflake.py
[2025-04-30T23:18:37.799+0000] {logging_mixin.py:190} INFO - [2025-04-30T23:18:37.797+0000] {dag.py:3239} INFO - Sync 1 DAGs
[2025-04-30T23:18:37.942+0000] {logging_mixin.py:190} INFO - [2025-04-30T23:18:37.942+0000] {dag.py:4180} INFO - Setting next_dagrun for store_data_in_snowflake to None, run_after=None
[2025-04-30T23:18:38.053+0000] {processor.py:208} INFO - Processing /opt/airflow/dags/dataframe_in_snowflake.py took 0.799 seconds
[2025-04-30T23:19:09.116+0000] {processor.py:186} INFO - Started process (PID=50) to work on /opt/airflow/dags/dataframe_in_snowflake.py
[2025-04-30T23:19:09.117+0000] {processor.py:914} INFO - Processing file /opt/airflow/dags/dataframe_in_snowflake.py for tasks to queue
[2025-04-30T23:19:09.122+0000] {logging_mixin.py:190} INFO - [2025-04-30T23:19:09.121+0000] {dagbag.py:588} INFO - Filling up the DagBag from /opt/airflow/dags/dataframe_in_snowflake.py
[2025-04-30T23:19:09.166+0000] {processor.py:925} INFO - DAG(s) 'store_data_in_snowflake' retrieved from /opt/airflow/dags/dataframe_in_snowflake.py
[2025-04-30T23:19:09.258+0000] {logging_mixin.py:190} INFO - [2025-04-30T23:19:09.257+0000] {dag.py:3239} INFO - Sync 1 DAGs
[2025-04-30T23:19:09.325+0000] {logging_mixin.py:190} INFO - [2025-04-30T23:19:09.324+0000] {dag.py:4180} INFO - Setting next_dagrun for store_data_in_snowflake to None, run_after=None
[2025-04-30T23:19:09.419+0000] {processor.py:208} INFO - Processing /opt/airflow/dags/dataframe_in_snowflake.py took 0.319 seconds
[2025-04-30T23:19:39.879+0000] {processor.py:186} INFO - Started process (PID=59) to work on /opt/airflow/dags/dataframe_in_snowflake.py
[2025-04-30T23:19:39.881+0000] {processor.py:914} INFO - Processing file /opt/airflow/dags/dataframe_in_snowflake.py for tasks to queue
[2025-04-30T23:19:39.886+0000] {logging_mixin.py:190} INFO - [2025-04-30T23:19:39.885+0000] {dagbag.py:588} INFO - Filling up the DagBag from /opt/airflow/dags/dataframe_in_snowflake.py
[2025-04-30T23:19:39.908+0000] {processor.py:925} INFO - DAG(s) 'store_data_in_snowflake' retrieved from /opt/airflow/dags/dataframe_in_snowflake.py
[2025-04-30T23:19:39.948+0000] {logging_mixin.py:190} INFO - [2025-04-30T23:19:39.947+0000] {dag.py:3239} INFO - Sync 1 DAGs
[2025-04-30T23:19:39.968+0000] {logging_mixin.py:190} INFO - [2025-04-30T23:19:39.968+0000] {dag.py:4180} INFO - Setting next_dagrun for store_data_in_snowflake to None, run_after=None
[2025-04-30T23:19:39.993+0000] {processor.py:208} INFO - Processing /opt/airflow/dags/dataframe_in_snowflake.py took 0.123 seconds
[2025-04-30T23:20:10.156+0000] {processor.py:186} INFO - Started process (PID=60) to work on /opt/airflow/dags/dataframe_in_snowflake.py
[2025-04-30T23:20:10.159+0000] {processor.py:914} INFO - Processing file /opt/airflow/dags/dataframe_in_snowflake.py for tasks to queue
[2025-04-30T23:20:10.174+0000] {logging_mixin.py:190} INFO - [2025-04-30T23:20:10.173+0000] {dagbag.py:588} INFO - Filling up the DagBag from /opt/airflow/dags/dataframe_in_snowflake.py
[2025-04-30T23:20:10.240+0000] {processor.py:925} INFO - DAG(s) 'store_data_in_snowflake' retrieved from /opt/airflow/dags/dataframe_in_snowflake.py
[2025-04-30T23:20:10.296+0000] {logging_mixin.py:190} INFO - [2025-04-30T23:20:10.295+0000] {dag.py:3239} INFO - Sync 1 DAGs
[2025-04-30T23:20:10.326+0000] {logging_mixin.py:190} INFO - [2025-04-30T23:20:10.326+0000] {dag.py:4180} INFO - Setting next_dagrun for store_data_in_snowflake to None, run_after=None
[2025-04-30T23:20:10.358+0000] {processor.py:208} INFO - Processing /opt/airflow/dags/dataframe_in_snowflake.py took 0.222 seconds
[2025-04-30T23:20:40.524+0000] {processor.py:186} INFO - Started process (PID=61) to work on /opt/airflow/dags/dataframe_in_snowflake.py
[2025-04-30T23:20:40.526+0000] {processor.py:914} INFO - Processing file /opt/airflow/dags/dataframe_in_snowflake.py for tasks to queue
[2025-04-30T23:20:40.530+0000] {logging_mixin.py:190} INFO - [2025-04-30T23:20:40.529+0000] {dagbag.py:588} INFO - Filling up the DagBag from /opt/airflow/dags/dataframe_in_snowflake.py
[2025-04-30T23:20:40.576+0000] {processor.py:925} INFO - DAG(s) 'store_data_in_snowflake' retrieved from /opt/airflow/dags/dataframe_in_snowflake.py
[2025-04-30T23:20:40.664+0000] {logging_mixin.py:190} INFO - [2025-04-30T23:20:40.663+0000] {dag.py:3239} INFO - Sync 1 DAGs
[2025-04-30T23:20:40.724+0000] {logging_mixin.py:190} INFO - [2025-04-30T23:20:40.723+0000] {dag.py:4180} INFO - Setting next_dagrun for store_data_in_snowflake to None, run_after=None
[2025-04-30T23:20:40.771+0000] {processor.py:208} INFO - Processing /opt/airflow/dags/dataframe_in_snowflake.py took 0.260 seconds
[2025-04-30T23:21:10.999+0000] {processor.py:186} INFO - Started process (PID=62) to work on /opt/airflow/dags/dataframe_in_snowflake.py
[2025-04-30T23:21:11.001+0000] {processor.py:914} INFO - Processing file /opt/airflow/dags/dataframe_in_snowflake.py for tasks to queue
[2025-04-30T23:21:11.007+0000] {logging_mixin.py:190} INFO - [2025-04-30T23:21:11.006+0000] {dagbag.py:588} INFO - Filling up the DagBag from /opt/airflow/dags/dataframe_in_snowflake.py
[2025-04-30T23:21:11.039+0000] {processor.py:925} INFO - DAG(s) 'store_data_in_snowflake' retrieved from /opt/airflow/dags/dataframe_in_snowflake.py
[2025-04-30T23:21:11.096+0000] {logging_mixin.py:190} INFO - [2025-04-30T23:21:11.096+0000] {dag.py:3239} INFO - Sync 1 DAGs
[2025-04-30T23:21:11.134+0000] {logging_mixin.py:190} INFO - [2025-04-30T23:21:11.134+0000] {dag.py:4180} INFO - Setting next_dagrun for store_data_in_snowflake to None, run_after=None
[2025-04-30T23:21:11.161+0000] {processor.py:208} INFO - Processing /opt/airflow/dags/dataframe_in_snowflake.py took 0.170 seconds
[2025-04-30T23:21:41.352+0000] {processor.py:186} INFO - Started process (PID=63) to work on /opt/airflow/dags/dataframe_in_snowflake.py
[2025-04-30T23:21:41.354+0000] {processor.py:914} INFO - Processing file /opt/airflow/dags/dataframe_in_snowflake.py for tasks to queue
[2025-04-30T23:21:41.358+0000] {logging_mixin.py:190} INFO - [2025-04-30T23:21:41.358+0000] {dagbag.py:588} INFO - Filling up the DagBag from /opt/airflow/dags/dataframe_in_snowflake.py
[2025-04-30T23:21:41.394+0000] {processor.py:925} INFO - DAG(s) 'store_data_in_snowflake' retrieved from /opt/airflow/dags/dataframe_in_snowflake.py
[2025-04-30T23:21:41.435+0000] {logging_mixin.py:190} INFO - [2025-04-30T23:21:41.434+0000] {dag.py:3239} INFO - Sync 1 DAGs
[2025-04-30T23:21:41.454+0000] {logging_mixin.py:190} INFO - [2025-04-30T23:21:41.453+0000] {dag.py:4180} INFO - Setting next_dagrun for store_data_in_snowflake to None, run_after=None
[2025-04-30T23:21:41.488+0000] {processor.py:208} INFO - Processing /opt/airflow/dags/dataframe_in_snowflake.py took 0.144 seconds
[2025-04-30T23:22:11.633+0000] {processor.py:186} INFO - Started process (PID=64) to work on /opt/airflow/dags/dataframe_in_snowflake.py
[2025-04-30T23:22:11.635+0000] {processor.py:914} INFO - Processing file /opt/airflow/dags/dataframe_in_snowflake.py for tasks to queue
[2025-04-30T23:22:11.641+0000] {logging_mixin.py:190} INFO - [2025-04-30T23:22:11.640+0000] {dagbag.py:588} INFO - Filling up the DagBag from /opt/airflow/dags/dataframe_in_snowflake.py
[2025-04-30T23:22:11.678+0000] {processor.py:925} INFO - DAG(s) 'store_data_in_snowflake' retrieved from /opt/airflow/dags/dataframe_in_snowflake.py
[2025-04-30T23:22:11.712+0000] {logging_mixin.py:190} INFO - [2025-04-30T23:22:11.711+0000] {dag.py:3239} INFO - Sync 1 DAGs
[2025-04-30T23:22:11.730+0000] {logging_mixin.py:190} INFO - [2025-04-30T23:22:11.730+0000] {dag.py:4180} INFO - Setting next_dagrun for store_data_in_snowflake to None, run_after=None
[2025-04-30T23:22:11.757+0000] {processor.py:208} INFO - Processing /opt/airflow/dags/dataframe_in_snowflake.py took 0.136 seconds
[2025-04-30T23:22:42.251+0000] {processor.py:186} INFO - Started process (PID=65) to work on /opt/airflow/dags/dataframe_in_snowflake.py
[2025-04-30T23:22:42.253+0000] {processor.py:914} INFO - Processing file /opt/airflow/dags/dataframe_in_snowflake.py for tasks to queue
[2025-04-30T23:22:42.260+0000] {logging_mixin.py:190} INFO - [2025-04-30T23:22:42.259+0000] {dagbag.py:588} INFO - Filling up the DagBag from /opt/airflow/dags/dataframe_in_snowflake.py
[2025-04-30T23:22:42.310+0000] {processor.py:925} INFO - DAG(s) 'store_data_in_snowflake' retrieved from /opt/airflow/dags/dataframe_in_snowflake.py
[2025-04-30T23:22:42.399+0000] {logging_mixin.py:190} INFO - [2025-04-30T23:22:42.396+0000] {dag.py:3239} INFO - Sync 1 DAGs
[2025-04-30T23:22:42.467+0000] {logging_mixin.py:190} INFO - [2025-04-30T23:22:42.466+0000] {dag.py:4180} INFO - Setting next_dagrun for store_data_in_snowflake to None, run_after=None
[2025-04-30T23:22:42.514+0000] {processor.py:208} INFO - Processing /opt/airflow/dags/dataframe_in_snowflake.py took 0.292 seconds
[2025-04-30T23:23:12.758+0000] {processor.py:186} INFO - Started process (PID=66) to work on /opt/airflow/dags/dataframe_in_snowflake.py
[2025-04-30T23:23:12.760+0000] {processor.py:914} INFO - Processing file /opt/airflow/dags/dataframe_in_snowflake.py for tasks to queue
[2025-04-30T23:23:12.764+0000] {logging_mixin.py:190} INFO - [2025-04-30T23:23:12.763+0000] {dagbag.py:588} INFO - Filling up the DagBag from /opt/airflow/dags/dataframe_in_snowflake.py
[2025-04-30T23:23:12.787+0000] {processor.py:925} INFO - DAG(s) 'store_data_in_snowflake' retrieved from /opt/airflow/dags/dataframe_in_snowflake.py
[2025-04-30T23:23:12.832+0000] {logging_mixin.py:190} INFO - [2025-04-30T23:23:12.831+0000] {dag.py:3239} INFO - Sync 1 DAGs
[2025-04-30T23:23:12.859+0000] {logging_mixin.py:190} INFO - [2025-04-30T23:23:12.858+0000] {dag.py:4180} INFO - Setting next_dagrun for store_data_in_snowflake to None, run_after=None
[2025-04-30T23:23:12.895+0000] {processor.py:208} INFO - Processing /opt/airflow/dags/dataframe_in_snowflake.py took 0.147 seconds
[2025-04-30T23:23:43.030+0000] {processor.py:186} INFO - Started process (PID=67) to work on /opt/airflow/dags/dataframe_in_snowflake.py
[2025-04-30T23:23:43.037+0000] {processor.py:914} INFO - Processing file /opt/airflow/dags/dataframe_in_snowflake.py for tasks to queue
[2025-04-30T23:23:43.043+0000] {logging_mixin.py:190} INFO - [2025-04-30T23:23:43.043+0000] {dagbag.py:588} INFO - Filling up the DagBag from /opt/airflow/dags/dataframe_in_snowflake.py
[2025-04-30T23:23:43.078+0000] {processor.py:925} INFO - DAG(s) 'store_data_in_snowflake' retrieved from /opt/airflow/dags/dataframe_in_snowflake.py
[2025-04-30T23:23:43.133+0000] {logging_mixin.py:190} INFO - [2025-04-30T23:23:43.133+0000] {dag.py:3239} INFO - Sync 1 DAGs
[2025-04-30T23:23:43.166+0000] {logging_mixin.py:190} INFO - [2025-04-30T23:23:43.165+0000] {dag.py:4180} INFO - Setting next_dagrun for store_data_in_snowflake to None, run_after=None
[2025-04-30T23:23:43.207+0000] {processor.py:208} INFO - Processing /opt/airflow/dags/dataframe_in_snowflake.py took 0.217 seconds
[2025-04-30T23:24:13.330+0000] {processor.py:186} INFO - Started process (PID=84) to work on /opt/airflow/dags/dataframe_in_snowflake.py
[2025-04-30T23:24:13.332+0000] {processor.py:914} INFO - Processing file /opt/airflow/dags/dataframe_in_snowflake.py for tasks to queue
[2025-04-30T23:24:13.336+0000] {logging_mixin.py:190} INFO - [2025-04-30T23:24:13.336+0000] {dagbag.py:588} INFO - Filling up the DagBag from /opt/airflow/dags/dataframe_in_snowflake.py
[2025-04-30T23:24:13.372+0000] {processor.py:925} INFO - DAG(s) 'store_data_in_snowflake' retrieved from /opt/airflow/dags/dataframe_in_snowflake.py
[2025-04-30T23:24:13.420+0000] {logging_mixin.py:190} INFO - [2025-04-30T23:24:13.419+0000] {dag.py:3239} INFO - Sync 1 DAGs
[2025-04-30T23:24:13.444+0000] {logging_mixin.py:190} INFO - [2025-04-30T23:24:13.444+0000] {dag.py:4180} INFO - Setting next_dagrun for store_data_in_snowflake to None, run_after=None
[2025-04-30T23:24:13.476+0000] {processor.py:208} INFO - Processing /opt/airflow/dags/dataframe_in_snowflake.py took 0.154 seconds
[2025-04-30T23:24:43.590+0000] {processor.py:186} INFO - Started process (PID=96) to work on /opt/airflow/dags/dataframe_in_snowflake.py
[2025-04-30T23:24:43.591+0000] {processor.py:914} INFO - Processing file /opt/airflow/dags/dataframe_in_snowflake.py for tasks to queue
[2025-04-30T23:24:43.595+0000] {logging_mixin.py:190} INFO - [2025-04-30T23:24:43.594+0000] {dagbag.py:588} INFO - Filling up the DagBag from /opt/airflow/dags/dataframe_in_snowflake.py
[2025-04-30T23:24:43.626+0000] {processor.py:925} INFO - DAG(s) 'store_data_in_snowflake' retrieved from /opt/airflow/dags/dataframe_in_snowflake.py
[2025-04-30T23:24:43.666+0000] {logging_mixin.py:190} INFO - [2025-04-30T23:24:43.665+0000] {dag.py:3239} INFO - Sync 1 DAGs
[2025-04-30T23:24:43.684+0000] {logging_mixin.py:190} INFO - [2025-04-30T23:24:43.684+0000] {dag.py:4180} INFO - Setting next_dagrun for store_data_in_snowflake to None, run_after=None
[2025-04-30T23:24:43.713+0000] {processor.py:208} INFO - Processing /opt/airflow/dags/dataframe_in_snowflake.py took 0.138 seconds
[2025-04-30T23:25:13.995+0000] {processor.py:186} INFO - Started process (PID=97) to work on /opt/airflow/dags/dataframe_in_snowflake.py
[2025-04-30T23:25:13.997+0000] {processor.py:914} INFO - Processing file /opt/airflow/dags/dataframe_in_snowflake.py for tasks to queue
[2025-04-30T23:25:14.000+0000] {logging_mixin.py:190} INFO - [2025-04-30T23:25:14.000+0000] {dagbag.py:588} INFO - Filling up the DagBag from /opt/airflow/dags/dataframe_in_snowflake.py
[2025-04-30T23:25:14.025+0000] {processor.py:925} INFO - DAG(s) 'store_data_in_snowflake' retrieved from /opt/airflow/dags/dataframe_in_snowflake.py
[2025-04-30T23:25:14.060+0000] {logging_mixin.py:190} INFO - [2025-04-30T23:25:14.060+0000] {dag.py:3239} INFO - Sync 1 DAGs
[2025-04-30T23:25:14.085+0000] {logging_mixin.py:190} INFO - [2025-04-30T23:25:14.084+0000] {dag.py:4180} INFO - Setting next_dagrun for store_data_in_snowflake to None, run_after=None
[2025-04-30T23:25:14.108+0000] {processor.py:208} INFO - Processing /opt/airflow/dags/dataframe_in_snowflake.py took 0.122 seconds
[2025-04-30T23:25:44.345+0000] {processor.py:186} INFO - Started process (PID=98) to work on /opt/airflow/dags/dataframe_in_snowflake.py
[2025-04-30T23:25:44.350+0000] {processor.py:914} INFO - Processing file /opt/airflow/dags/dataframe_in_snowflake.py for tasks to queue
[2025-04-30T23:25:44.360+0000] {logging_mixin.py:190} INFO - [2025-04-30T23:25:44.359+0000] {dagbag.py:588} INFO - Filling up the DagBag from /opt/airflow/dags/dataframe_in_snowflake.py
[2025-04-30T23:25:44.388+0000] {processor.py:925} INFO - DAG(s) 'store_data_in_snowflake' retrieved from /opt/airflow/dags/dataframe_in_snowflake.py
[2025-04-30T23:25:44.435+0000] {logging_mixin.py:190} INFO - [2025-04-30T23:25:44.435+0000] {dag.py:3239} INFO - Sync 1 DAGs
[2025-04-30T23:25:44.463+0000] {logging_mixin.py:190} INFO - [2025-04-30T23:25:44.463+0000] {dag.py:4180} INFO - Setting next_dagrun for store_data_in_snowflake to None, run_after=None
[2025-04-30T23:25:44.495+0000] {processor.py:208} INFO - Processing /opt/airflow/dags/dataframe_in_snowflake.py took 0.172 seconds
[2025-04-30T23:26:15.102+0000] {processor.py:186} INFO - Started process (PID=99) to work on /opt/airflow/dags/dataframe_in_snowflake.py
[2025-04-30T23:26:15.104+0000] {processor.py:914} INFO - Processing file /opt/airflow/dags/dataframe_in_snowflake.py for tasks to queue
[2025-04-30T23:26:15.115+0000] {logging_mixin.py:190} INFO - [2025-04-30T23:26:15.115+0000] {dagbag.py:588} INFO - Filling up the DagBag from /opt/airflow/dags/dataframe_in_snowflake.py
[2025-04-30T23:26:15.152+0000] {processor.py:925} INFO - DAG(s) 'store_data_in_snowflake' retrieved from /opt/airflow/dags/dataframe_in_snowflake.py
[2025-04-30T23:26:15.224+0000] {logging_mixin.py:190} INFO - [2025-04-30T23:26:15.223+0000] {dag.py:3239} INFO - Sync 1 DAGs
[2025-04-30T23:26:15.261+0000] {logging_mixin.py:190} INFO - [2025-04-30T23:26:15.260+0000] {dag.py:4180} INFO - Setting next_dagrun for store_data_in_snowflake to None, run_after=None
[2025-04-30T23:26:15.288+0000] {processor.py:208} INFO - Processing /opt/airflow/dags/dataframe_in_snowflake.py took 0.194 seconds
[2025-04-30T23:26:45.782+0000] {processor.py:186} INFO - Started process (PID=100) to work on /opt/airflow/dags/dataframe_in_snowflake.py
[2025-04-30T23:26:45.784+0000] {processor.py:914} INFO - Processing file /opt/airflow/dags/dataframe_in_snowflake.py for tasks to queue
[2025-04-30T23:26:45.788+0000] {logging_mixin.py:190} INFO - [2025-04-30T23:26:45.788+0000] {dagbag.py:588} INFO - Filling up the DagBag from /opt/airflow/dags/dataframe_in_snowflake.py
[2025-04-30T23:26:45.837+0000] {processor.py:925} INFO - DAG(s) 'store_data_in_snowflake' retrieved from /opt/airflow/dags/dataframe_in_snowflake.py
[2025-04-30T23:26:45.883+0000] {logging_mixin.py:190} INFO - [2025-04-30T23:26:45.882+0000] {dag.py:3239} INFO - Sync 1 DAGs
[2025-04-30T23:26:45.902+0000] {logging_mixin.py:190} INFO - [2025-04-30T23:26:45.902+0000] {dag.py:4180} INFO - Setting next_dagrun for store_data_in_snowflake to None, run_after=None
[2025-04-30T23:26:45.936+0000] {processor.py:208} INFO - Processing /opt/airflow/dags/dataframe_in_snowflake.py took 0.164 seconds
[2025-04-30T23:27:16.063+0000] {processor.py:186} INFO - Started process (PID=101) to work on /opt/airflow/dags/dataframe_in_snowflake.py
[2025-04-30T23:27:16.064+0000] {processor.py:914} INFO - Processing file /opt/airflow/dags/dataframe_in_snowflake.py for tasks to queue
[2025-04-30T23:27:16.072+0000] {logging_mixin.py:190} INFO - [2025-04-30T23:27:16.072+0000] {dagbag.py:588} INFO - Filling up the DagBag from /opt/airflow/dags/dataframe_in_snowflake.py
[2025-04-30T23:27:16.106+0000] {processor.py:925} INFO - DAG(s) 'store_data_in_snowflake' retrieved from /opt/airflow/dags/dataframe_in_snowflake.py
[2025-04-30T23:27:16.160+0000] {logging_mixin.py:190} INFO - [2025-04-30T23:27:16.159+0000] {dag.py:3239} INFO - Sync 1 DAGs
[2025-04-30T23:27:16.190+0000] {logging_mixin.py:190} INFO - [2025-04-30T23:27:16.189+0000] {dag.py:4180} INFO - Setting next_dagrun for store_data_in_snowflake to None, run_after=None
[2025-04-30T23:27:16.233+0000] {processor.py:208} INFO - Processing /opt/airflow/dags/dataframe_in_snowflake.py took 0.185 seconds
[2025-04-30T23:27:46.384+0000] {processor.py:186} INFO - Started process (PID=102) to work on /opt/airflow/dags/dataframe_in_snowflake.py
[2025-04-30T23:27:46.386+0000] {processor.py:914} INFO - Processing file /opt/airflow/dags/dataframe_in_snowflake.py for tasks to queue
[2025-04-30T23:27:46.390+0000] {logging_mixin.py:190} INFO - [2025-04-30T23:27:46.389+0000] {dagbag.py:588} INFO - Filling up the DagBag from /opt/airflow/dags/dataframe_in_snowflake.py
[2025-04-30T23:27:46.435+0000] {processor.py:925} INFO - DAG(s) 'store_data_in_snowflake' retrieved from /opt/airflow/dags/dataframe_in_snowflake.py
[2025-04-30T23:27:46.476+0000] {logging_mixin.py:190} INFO - [2025-04-30T23:27:46.475+0000] {dag.py:3239} INFO - Sync 1 DAGs
[2025-04-30T23:27:46.495+0000] {logging_mixin.py:190} INFO - [2025-04-30T23:27:46.495+0000] {dag.py:4180} INFO - Setting next_dagrun for store_data_in_snowflake to None, run_after=None
[2025-04-30T23:27:46.523+0000] {processor.py:208} INFO - Processing /opt/airflow/dags/dataframe_in_snowflake.py took 0.152 seconds
[2025-04-30T23:28:16.665+0000] {processor.py:186} INFO - Started process (PID=103) to work on /opt/airflow/dags/dataframe_in_snowflake.py
[2025-04-30T23:28:16.667+0000] {processor.py:914} INFO - Processing file /opt/airflow/dags/dataframe_in_snowflake.py for tasks to queue
[2025-04-30T23:28:16.672+0000] {logging_mixin.py:190} INFO - [2025-04-30T23:28:16.671+0000] {dagbag.py:588} INFO - Filling up the DagBag from /opt/airflow/dags/dataframe_in_snowflake.py
[2025-04-30T23:28:16.701+0000] {processor.py:925} INFO - DAG(s) 'store_data_in_snowflake' retrieved from /opt/airflow/dags/dataframe_in_snowflake.py
[2025-04-30T23:28:16.755+0000] {logging_mixin.py:190} INFO - [2025-04-30T23:28:16.754+0000] {dag.py:3239} INFO - Sync 1 DAGs
[2025-04-30T23:28:16.776+0000] {logging_mixin.py:190} INFO - [2025-04-30T23:28:16.776+0000] {dag.py:4180} INFO - Setting next_dagrun for store_data_in_snowflake to None, run_after=None
[2025-04-30T23:28:16.814+0000] {processor.py:208} INFO - Processing /opt/airflow/dags/dataframe_in_snowflake.py took 0.162 seconds
[2025-04-30T23:28:46.981+0000] {processor.py:186} INFO - Started process (PID=104) to work on /opt/airflow/dags/dataframe_in_snowflake.py
[2025-04-30T23:28:46.982+0000] {processor.py:914} INFO - Processing file /opt/airflow/dags/dataframe_in_snowflake.py for tasks to queue
[2025-04-30T23:28:46.986+0000] {logging_mixin.py:190} INFO - [2025-04-30T23:28:46.985+0000] {dagbag.py:588} INFO - Filling up the DagBag from /opt/airflow/dags/dataframe_in_snowflake.py
[2025-04-30T23:28:47.015+0000] {processor.py:925} INFO - DAG(s) 'store_data_in_snowflake' retrieved from /opt/airflow/dags/dataframe_in_snowflake.py
[2025-04-30T23:28:47.051+0000] {logging_mixin.py:190} INFO - [2025-04-30T23:28:47.050+0000] {dag.py:3239} INFO - Sync 1 DAGs
[2025-04-30T23:28:47.070+0000] {logging_mixin.py:190} INFO - [2025-04-30T23:28:47.069+0000] {dag.py:4180} INFO - Setting next_dagrun for store_data_in_snowflake to None, run_after=None
[2025-04-30T23:28:47.101+0000] {processor.py:208} INFO - Processing /opt/airflow/dags/dataframe_in_snowflake.py took 0.129 seconds
[2025-04-30T23:29:17.916+0000] {processor.py:186} INFO - Started process (PID=105) to work on /opt/airflow/dags/dataframe_in_snowflake.py
[2025-04-30T23:29:17.917+0000] {processor.py:914} INFO - Processing file /opt/airflow/dags/dataframe_in_snowflake.py for tasks to queue
[2025-04-30T23:29:17.922+0000] {logging_mixin.py:190} INFO - [2025-04-30T23:29:17.921+0000] {dagbag.py:588} INFO - Filling up the DagBag from /opt/airflow/dags/dataframe_in_snowflake.py
[2025-04-30T23:29:17.967+0000] {processor.py:925} INFO - DAG(s) 'store_data_in_snowflake' retrieved from /opt/airflow/dags/dataframe_in_snowflake.py
[2025-04-30T23:29:18.015+0000] {logging_mixin.py:190} INFO - [2025-04-30T23:29:18.014+0000] {dag.py:3239} INFO - Sync 1 DAGs
[2025-04-30T23:29:18.042+0000] {logging_mixin.py:190} INFO - [2025-04-30T23:29:18.042+0000] {dag.py:4180} INFO - Setting next_dagrun for store_data_in_snowflake to None, run_after=None
[2025-04-30T23:29:18.084+0000] {processor.py:208} INFO - Processing /opt/airflow/dags/dataframe_in_snowflake.py took 0.178 seconds
[2025-04-30T23:29:48.184+0000] {processor.py:186} INFO - Started process (PID=106) to work on /opt/airflow/dags/dataframe_in_snowflake.py
[2025-04-30T23:29:48.187+0000] {processor.py:914} INFO - Processing file /opt/airflow/dags/dataframe_in_snowflake.py for tasks to queue
[2025-04-30T23:29:48.191+0000] {logging_mixin.py:190} INFO - [2025-04-30T23:29:48.191+0000] {dagbag.py:588} INFO - Filling up the DagBag from /opt/airflow/dags/dataframe_in_snowflake.py
[2025-04-30T23:29:48.221+0000] {processor.py:925} INFO - DAG(s) 'store_data_in_snowflake' retrieved from /opt/airflow/dags/dataframe_in_snowflake.py
[2025-04-30T23:29:48.295+0000] {logging_mixin.py:190} INFO - [2025-04-30T23:29:48.294+0000] {dag.py:3239} INFO - Sync 1 DAGs
[2025-04-30T23:29:48.314+0000] {logging_mixin.py:190} INFO - [2025-04-30T23:29:48.314+0000] {dag.py:4180} INFO - Setting next_dagrun for store_data_in_snowflake to None, run_after=None
[2025-04-30T23:29:48.341+0000] {processor.py:208} INFO - Processing /opt/airflow/dags/dataframe_in_snowflake.py took 0.169 seconds
[2025-04-30T23:30:18.506+0000] {processor.py:186} INFO - Started process (PID=107) to work on /opt/airflow/dags/dataframe_in_snowflake.py
[2025-04-30T23:30:18.508+0000] {processor.py:914} INFO - Processing file /opt/airflow/dags/dataframe_in_snowflake.py for tasks to queue
[2025-04-30T23:30:18.512+0000] {logging_mixin.py:190} INFO - [2025-04-30T23:30:18.511+0000] {dagbag.py:588} INFO - Filling up the DagBag from /opt/airflow/dags/dataframe_in_snowflake.py
[2025-04-30T23:30:18.536+0000] {processor.py:925} INFO - DAG(s) 'store_data_in_snowflake' retrieved from /opt/airflow/dags/dataframe_in_snowflake.py
[2025-04-30T23:30:18.569+0000] {logging_mixin.py:190} INFO - [2025-04-30T23:30:18.569+0000] {dag.py:3239} INFO - Sync 1 DAGs
[2025-04-30T23:30:18.601+0000] {logging_mixin.py:190} INFO - [2025-04-30T23:30:18.601+0000] {dag.py:4180} INFO - Setting next_dagrun for store_data_in_snowflake to None, run_after=None
[2025-04-30T23:30:18.642+0000] {processor.py:208} INFO - Processing /opt/airflow/dags/dataframe_in_snowflake.py took 0.145 seconds
[2025-04-30T23:30:48.751+0000] {processor.py:186} INFO - Started process (PID=108) to work on /opt/airflow/dags/dataframe_in_snowflake.py
[2025-04-30T23:30:48.755+0000] {processor.py:914} INFO - Processing file /opt/airflow/dags/dataframe_in_snowflake.py for tasks to queue
[2025-04-30T23:30:48.762+0000] {logging_mixin.py:190} INFO - [2025-04-30T23:30:48.762+0000] {dagbag.py:588} INFO - Filling up the DagBag from /opt/airflow/dags/dataframe_in_snowflake.py
[2025-04-30T23:30:48.812+0000] {processor.py:925} INFO - DAG(s) 'store_data_in_snowflake' retrieved from /opt/airflow/dags/dataframe_in_snowflake.py
[2025-04-30T23:30:48.894+0000] {logging_mixin.py:190} INFO - [2025-04-30T23:30:48.892+0000] {dag.py:3239} INFO - Sync 1 DAGs
[2025-04-30T23:30:48.928+0000] {logging_mixin.py:190} INFO - [2025-04-30T23:30:48.928+0000] {dag.py:4180} INFO - Setting next_dagrun for store_data_in_snowflake to None, run_after=None
[2025-04-30T23:30:48.972+0000] {processor.py:208} INFO - Processing /opt/airflow/dags/dataframe_in_snowflake.py took 0.243 seconds
[2025-04-30T23:31:19.202+0000] {processor.py:186} INFO - Started process (PID=109) to work on /opt/airflow/dags/dataframe_in_snowflake.py
[2025-04-30T23:31:19.203+0000] {processor.py:914} INFO - Processing file /opt/airflow/dags/dataframe_in_snowflake.py for tasks to queue
[2025-04-30T23:31:19.207+0000] {logging_mixin.py:190} INFO - [2025-04-30T23:31:19.206+0000] {dagbag.py:588} INFO - Filling up the DagBag from /opt/airflow/dags/dataframe_in_snowflake.py
[2025-04-30T23:31:19.244+0000] {processor.py:925} INFO - DAG(s) 'store_data_in_snowflake' retrieved from /opt/airflow/dags/dataframe_in_snowflake.py
[2025-04-30T23:31:19.281+0000] {logging_mixin.py:190} INFO - [2025-04-30T23:31:19.280+0000] {dag.py:3239} INFO - Sync 1 DAGs
[2025-04-30T23:31:19.308+0000] {logging_mixin.py:190} INFO - [2025-04-30T23:31:19.307+0000] {dag.py:4180} INFO - Setting next_dagrun for store_data_in_snowflake to None, run_after=None
[2025-04-30T23:31:19.344+0000] {processor.py:208} INFO - Processing /opt/airflow/dags/dataframe_in_snowflake.py took 0.150 seconds
[2025-04-30T23:31:50.231+0000] {processor.py:186} INFO - Started process (PID=110) to work on /opt/airflow/dags/dataframe_in_snowflake.py
[2025-04-30T23:31:50.234+0000] {processor.py:914} INFO - Processing file /opt/airflow/dags/dataframe_in_snowflake.py for tasks to queue
[2025-04-30T23:31:50.241+0000] {logging_mixin.py:190} INFO - [2025-04-30T23:31:50.240+0000] {dagbag.py:588} INFO - Filling up the DagBag from /opt/airflow/dags/dataframe_in_snowflake.py
[2025-04-30T23:31:50.284+0000] {processor.py:925} INFO - DAG(s) 'store_data_in_snowflake' retrieved from /opt/airflow/dags/dataframe_in_snowflake.py
[2025-04-30T23:31:50.346+0000] {logging_mixin.py:190} INFO - [2025-04-30T23:31:50.345+0000] {dag.py:3239} INFO - Sync 1 DAGs
[2025-04-30T23:31:50.392+0000] {logging_mixin.py:190} INFO - [2025-04-30T23:31:50.391+0000] {dag.py:4180} INFO - Setting next_dagrun for store_data_in_snowflake to None, run_after=None
[2025-04-30T23:31:50.435+0000] {processor.py:208} INFO - Processing /opt/airflow/dags/dataframe_in_snowflake.py took 0.214 seconds
[2025-04-30T23:32:20.657+0000] {processor.py:186} INFO - Started process (PID=111) to work on /opt/airflow/dags/dataframe_in_snowflake.py
[2025-04-30T23:32:20.661+0000] {processor.py:914} INFO - Processing file /opt/airflow/dags/dataframe_in_snowflake.py for tasks to queue
[2025-04-30T23:32:20.675+0000] {logging_mixin.py:190} INFO - [2025-04-30T23:32:20.667+0000] {dagbag.py:588} INFO - Filling up the DagBag from /opt/airflow/dags/dataframe_in_snowflake.py
[2025-04-30T23:32:20.732+0000] {processor.py:925} INFO - DAG(s) 'store_data_in_snowflake' retrieved from /opt/airflow/dags/dataframe_in_snowflake.py
[2025-04-30T23:32:20.802+0000] {logging_mixin.py:190} INFO - [2025-04-30T23:32:20.800+0000] {dag.py:3239} INFO - Sync 1 DAGs
[2025-04-30T23:32:20.847+0000] {logging_mixin.py:190} INFO - [2025-04-30T23:32:20.847+0000] {dag.py:4180} INFO - Setting next_dagrun for store_data_in_snowflake to None, run_after=None
[2025-04-30T23:32:20.894+0000] {processor.py:208} INFO - Processing /opt/airflow/dags/dataframe_in_snowflake.py took 0.272 seconds
[2025-04-30T23:32:51.185+0000] {processor.py:186} INFO - Started process (PID=112) to work on /opt/airflow/dags/dataframe_in_snowflake.py
[2025-04-30T23:32:51.186+0000] {processor.py:914} INFO - Processing file /opt/airflow/dags/dataframe_in_snowflake.py for tasks to queue
[2025-04-30T23:32:51.192+0000] {logging_mixin.py:190} INFO - [2025-04-30T23:32:51.191+0000] {dagbag.py:588} INFO - Filling up the DagBag from /opt/airflow/dags/dataframe_in_snowflake.py
[2025-04-30T23:32:51.225+0000] {processor.py:925} INFO - DAG(s) 'store_data_in_snowflake' retrieved from /opt/airflow/dags/dataframe_in_snowflake.py
[2025-04-30T23:32:51.286+0000] {logging_mixin.py:190} INFO - [2025-04-30T23:32:51.284+0000] {dag.py:3239} INFO - Sync 1 DAGs
[2025-04-30T23:32:51.344+0000] {logging_mixin.py:190} INFO - [2025-04-30T23:32:51.344+0000] {dag.py:4180} INFO - Setting next_dagrun for store_data_in_snowflake to None, run_after=None
[2025-04-30T23:32:51.406+0000] {processor.py:208} INFO - Processing /opt/airflow/dags/dataframe_in_snowflake.py took 0.253 seconds
[2025-04-30T23:33:21.751+0000] {processor.py:186} INFO - Started process (PID=113) to work on /opt/airflow/dags/dataframe_in_snowflake.py
[2025-04-30T23:33:21.758+0000] {processor.py:914} INFO - Processing file /opt/airflow/dags/dataframe_in_snowflake.py for tasks to queue
[2025-04-30T23:33:21.767+0000] {logging_mixin.py:190} INFO - [2025-04-30T23:33:21.767+0000] {dagbag.py:588} INFO - Filling up the DagBag from /opt/airflow/dags/dataframe_in_snowflake.py
[2025-04-30T23:33:21.810+0000] {processor.py:925} INFO - DAG(s) 'store_data_in_snowflake' retrieved from /opt/airflow/dags/dataframe_in_snowflake.py
[2025-04-30T23:33:21.877+0000] {logging_mixin.py:190} INFO - [2025-04-30T23:33:21.876+0000] {dag.py:3239} INFO - Sync 1 DAGs
[2025-04-30T23:33:21.918+0000] {logging_mixin.py:190} INFO - [2025-04-30T23:33:21.918+0000] {dag.py:4180} INFO - Setting next_dagrun for store_data_in_snowflake to None, run_after=None
[2025-04-30T23:33:21.968+0000] {processor.py:208} INFO - Processing /opt/airflow/dags/dataframe_in_snowflake.py took 0.261 seconds
[2025-04-30T23:33:52.186+0000] {processor.py:186} INFO - Started process (PID=114) to work on /opt/airflow/dags/dataframe_in_snowflake.py
[2025-04-30T23:33:52.188+0000] {processor.py:914} INFO - Processing file /opt/airflow/dags/dataframe_in_snowflake.py for tasks to queue
[2025-04-30T23:33:52.193+0000] {logging_mixin.py:190} INFO - [2025-04-30T23:33:52.192+0000] {dagbag.py:588} INFO - Filling up the DagBag from /opt/airflow/dags/dataframe_in_snowflake.py
[2025-04-30T23:33:52.238+0000] {processor.py:925} INFO - DAG(s) 'store_data_in_snowflake' retrieved from /opt/airflow/dags/dataframe_in_snowflake.py
[2025-04-30T23:33:52.283+0000] {logging_mixin.py:190} INFO - [2025-04-30T23:33:52.282+0000] {dag.py:3239} INFO - Sync 1 DAGs
[2025-04-30T23:33:52.314+0000] {logging_mixin.py:190} INFO - [2025-04-30T23:33:52.314+0000] {dag.py:4180} INFO - Setting next_dagrun for store_data_in_snowflake to None, run_after=None
[2025-04-30T23:33:52.350+0000] {processor.py:208} INFO - Processing /opt/airflow/dags/dataframe_in_snowflake.py took 0.174 seconds
[2025-04-30T23:34:22.502+0000] {processor.py:186} INFO - Started process (PID=115) to work on /opt/airflow/dags/dataframe_in_snowflake.py
[2025-04-30T23:34:22.504+0000] {processor.py:914} INFO - Processing file /opt/airflow/dags/dataframe_in_snowflake.py for tasks to queue
[2025-04-30T23:34:22.508+0000] {logging_mixin.py:190} INFO - [2025-04-30T23:34:22.508+0000] {dagbag.py:588} INFO - Filling up the DagBag from /opt/airflow/dags/dataframe_in_snowflake.py
[2025-04-30T23:34:22.538+0000] {processor.py:925} INFO - DAG(s) 'store_data_in_snowflake' retrieved from /opt/airflow/dags/dataframe_in_snowflake.py
[2025-04-30T23:34:22.598+0000] {logging_mixin.py:190} INFO - [2025-04-30T23:34:22.596+0000] {dag.py:3239} INFO - Sync 1 DAGs
[2025-04-30T23:34:22.627+0000] {logging_mixin.py:190} INFO - [2025-04-30T23:34:22.627+0000] {dag.py:4180} INFO - Setting next_dagrun for store_data_in_snowflake to None, run_after=None
[2025-04-30T23:34:22.669+0000] {processor.py:208} INFO - Processing /opt/airflow/dags/dataframe_in_snowflake.py took 0.179 seconds
[2025-04-30T23:34:53.712+0000] {processor.py:186} INFO - Started process (PID=116) to work on /opt/airflow/dags/dataframe_in_snowflake.py
[2025-04-30T23:34:53.713+0000] {processor.py:914} INFO - Processing file /opt/airflow/dags/dataframe_in_snowflake.py for tasks to queue
[2025-04-30T23:34:53.718+0000] {logging_mixin.py:190} INFO - [2025-04-30T23:34:53.717+0000] {dagbag.py:588} INFO - Filling up the DagBag from /opt/airflow/dags/dataframe_in_snowflake.py
[2025-04-30T23:34:53.746+0000] {processor.py:925} INFO - DAG(s) 'store_data_in_snowflake' retrieved from /opt/airflow/dags/dataframe_in_snowflake.py
[2025-04-30T23:34:53.779+0000] {logging_mixin.py:190} INFO - [2025-04-30T23:34:53.779+0000] {dag.py:3239} INFO - Sync 1 DAGs
[2025-04-30T23:34:53.805+0000] {logging_mixin.py:190} INFO - [2025-04-30T23:34:53.805+0000] {dag.py:4180} INFO - Setting next_dagrun for store_data_in_snowflake to None, run_after=None
[2025-04-30T23:34:53.860+0000] {processor.py:208} INFO - Processing /opt/airflow/dags/dataframe_in_snowflake.py took 0.157 seconds
[2025-04-30T23:35:24.108+0000] {processor.py:186} INFO - Started process (PID=117) to work on /opt/airflow/dags/dataframe_in_snowflake.py
[2025-04-30T23:35:24.110+0000] {processor.py:914} INFO - Processing file /opt/airflow/dags/dataframe_in_snowflake.py for tasks to queue
[2025-04-30T23:35:24.115+0000] {logging_mixin.py:190} INFO - [2025-04-30T23:35:24.114+0000] {dagbag.py:588} INFO - Filling up the DagBag from /opt/airflow/dags/dataframe_in_snowflake.py
[2025-04-30T23:35:24.146+0000] {processor.py:925} INFO - DAG(s) 'store_data_in_snowflake' retrieved from /opt/airflow/dags/dataframe_in_snowflake.py
[2025-04-30T23:35:24.183+0000] {logging_mixin.py:190} INFO - [2025-04-30T23:35:24.183+0000] {dag.py:3239} INFO - Sync 1 DAGs
[2025-04-30T23:35:24.201+0000] {logging_mixin.py:190} INFO - [2025-04-30T23:35:24.201+0000] {dag.py:4180} INFO - Setting next_dagrun for store_data_in_snowflake to None, run_after=None
[2025-04-30T23:35:24.257+0000] {processor.py:208} INFO - Processing /opt/airflow/dags/dataframe_in_snowflake.py took 0.157 seconds
[2025-04-30T23:35:54.487+0000] {processor.py:186} INFO - Started process (PID=118) to work on /opt/airflow/dags/dataframe_in_snowflake.py
[2025-04-30T23:35:54.488+0000] {processor.py:914} INFO - Processing file /opt/airflow/dags/dataframe_in_snowflake.py for tasks to queue
[2025-04-30T23:35:54.493+0000] {logging_mixin.py:190} INFO - [2025-04-30T23:35:54.493+0000] {dagbag.py:588} INFO - Filling up the DagBag from /opt/airflow/dags/dataframe_in_snowflake.py
[2025-04-30T23:35:54.523+0000] {processor.py:925} INFO - DAG(s) 'store_data_in_snowflake' retrieved from /opt/airflow/dags/dataframe_in_snowflake.py
[2025-04-30T23:35:54.565+0000] {logging_mixin.py:190} INFO - [2025-04-30T23:35:54.564+0000] {dag.py:3239} INFO - Sync 1 DAGs
[2025-04-30T23:35:54.588+0000] {logging_mixin.py:190} INFO - [2025-04-30T23:35:54.587+0000] {dag.py:4180} INFO - Setting next_dagrun for store_data_in_snowflake to None, run_after=None
[2025-04-30T23:35:54.625+0000] {processor.py:208} INFO - Processing /opt/airflow/dags/dataframe_in_snowflake.py took 0.147 seconds
[2025-04-30T23:36:24.748+0000] {processor.py:186} INFO - Started process (PID=119) to work on /opt/airflow/dags/dataframe_in_snowflake.py
[2025-04-30T23:36:24.750+0000] {processor.py:914} INFO - Processing file /opt/airflow/dags/dataframe_in_snowflake.py for tasks to queue
[2025-04-30T23:36:24.753+0000] {logging_mixin.py:190} INFO - [2025-04-30T23:36:24.753+0000] {dagbag.py:588} INFO - Filling up the DagBag from /opt/airflow/dags/dataframe_in_snowflake.py
[2025-04-30T23:36:24.793+0000] {processor.py:925} INFO - DAG(s) 'store_data_in_snowflake' retrieved from /opt/airflow/dags/dataframe_in_snowflake.py
[2025-04-30T23:36:24.832+0000] {logging_mixin.py:190} INFO - [2025-04-30T23:36:24.832+0000] {dag.py:3239} INFO - Sync 1 DAGs
[2025-04-30T23:36:24.850+0000] {logging_mixin.py:190} INFO - [2025-04-30T23:36:24.849+0000] {dag.py:4180} INFO - Setting next_dagrun for store_data_in_snowflake to None, run_after=None
[2025-04-30T23:36:24.876+0000] {processor.py:208} INFO - Processing /opt/airflow/dags/dataframe_in_snowflake.py took 0.136 seconds
[2025-04-30T23:36:55.078+0000] {processor.py:186} INFO - Started process (PID=120) to work on /opt/airflow/dags/dataframe_in_snowflake.py
[2025-04-30T23:36:55.079+0000] {processor.py:914} INFO - Processing file /opt/airflow/dags/dataframe_in_snowflake.py for tasks to queue
[2025-04-30T23:36:55.083+0000] {logging_mixin.py:190} INFO - [2025-04-30T23:36:55.083+0000] {dagbag.py:588} INFO - Filling up the DagBag from /opt/airflow/dags/dataframe_in_snowflake.py
[2025-04-30T23:36:55.122+0000] {processor.py:925} INFO - DAG(s) 'store_data_in_snowflake' retrieved from /opt/airflow/dags/dataframe_in_snowflake.py
[2025-04-30T23:36:55.156+0000] {logging_mixin.py:190} INFO - [2025-04-30T23:36:55.155+0000] {dag.py:3239} INFO - Sync 1 DAGs
[2025-04-30T23:36:55.174+0000] {logging_mixin.py:190} INFO - [2025-04-30T23:36:55.174+0000] {dag.py:4180} INFO - Setting next_dagrun for store_data_in_snowflake to None, run_after=None
[2025-04-30T23:36:55.201+0000] {processor.py:208} INFO - Processing /opt/airflow/dags/dataframe_in_snowflake.py took 0.131 seconds
